Using pre-set license
Built from '2022.3/release' branch; Version is '2022.3.12f1 (4fe6e059c7ef) revision 5236448'; Using compiler version '192829333'; Build Type 'Release'
OS: 'Windows 11  (10.0.22000) 64bit Enterprise' Language: 'ru' Physical Memory: 16252 MB
BatchMode: 1, IsHumanControllingUs: 0, StartBugReporterOnCrash: 0, Is64bit: 1, IsPro: 1

COMMAND LINE ARGUMENTS:
D:\Unity\Editor\2022.3.12f1\Editor\Unity.exe
-adb2
-batchMode
-noUpm
-name
AssetImportWorker0
-projectPath
D:/Unity/Projects/Shtykov_PR2
-logFile
Logs/AssetImportWorker0.log
-srvPort
57846
Successfully changed project path to: D:/Unity/Projects/Shtykov_PR2
D:/Unity/Projects/Shtykov_PR2
[UnityMemory] Configuration Parameters - Can be set up in boot.config
    "memorysetup-bucket-allocator-granularity=16"
    "memorysetup-bucket-allocator-bucket-count=8"
    "memorysetup-bucket-allocator-block-size=33554432"
    "memorysetup-bucket-allocator-block-count=8"
    "memorysetup-main-allocator-block-size=16777216"
    "memorysetup-thread-allocator-block-size=16777216"
    "memorysetup-gfx-main-allocator-block-size=16777216"
    "memorysetup-gfx-thread-allocator-block-size=16777216"
    "memorysetup-cache-allocator-block-size=4194304"
    "memorysetup-typetree-allocator-block-size=2097152"
    "memorysetup-profiler-bucket-allocator-granularity=16"
    "memorysetup-profiler-bucket-allocator-bucket-count=8"
    "memorysetup-profiler-bucket-allocator-block-size=33554432"
    "memorysetup-profiler-bucket-allocator-block-count=8"
    "memorysetup-profiler-allocator-block-size=16777216"
    "memorysetup-profiler-editor-allocator-block-size=1048576"
    "memorysetup-temp-allocator-size-main=16777216"
    "memorysetup-job-temp-allocator-block-size=2097152"
    "memorysetup-job-temp-allocator-block-size-background=1048576"
    "memorysetup-job-temp-allocator-reduction-small-platforms=262144"
    "memorysetup-allocator-temp-initial-block-size-main=262144"
    "memorysetup-allocator-temp-initial-block-size-worker=262144"
    "memorysetup-temp-allocator-size-background-worker=32768"
    "memorysetup-temp-allocator-size-job-worker=262144"
    "memorysetup-temp-allocator-size-preload-manager=33554432"
    "memorysetup-temp-allocator-size-nav-mesh-worker=65536"
    "memorysetup-temp-allocator-size-audio-worker=65536"
    "memorysetup-temp-allocator-size-cloud-worker=32768"
    "memorysetup-temp-allocator-size-gi-baking-worker=262144"
    "memorysetup-temp-allocator-size-gfx=262144"
Player connection [516] Host "[IP] 192.168.1.15 [Port] 0 [Flags] 2 [Guid] 262990932 [EditorId] 262990932 [Version] 1048832 [Id] WindowsEditor(7,valid) [Debug] 1 [PackageName] WindowsEditor [ProjectName] Editor" joined multi-casting on [225.0.0.222:54997]...

Player connection [516] Host "[IP] 192.168.1.15 [Port] 0 [Flags] 2 [Guid] 262990932 [EditorId] 262990932 [Version] 1048832 [Id] WindowsEditor(7,valid) [Debug] 1 [PackageName] WindowsEditor [ProjectName] Editor" joined alternative multi-casting on [225.0.0.222:34997]...

[Physics::Module] Initialized MultithreadedJobDispatcher with 7 workers.
Refreshing native plugins compatible for Editor in 4.86 ms, found 3 plugins.
Preloading 0 native plugins for Editor in 0.00 ms.
Initialize engine version: 2022.3.12f1 (4fe6e059c7ef)
[Subsystems] Discovering subsystems at path D:/Unity/Editor/2022.3.12f1/Editor/Data/Resources/UnitySubsystems
[Subsystems] Discovering subsystems at path D:/Unity/Projects/Shtykov_PR2/Assets
GfxDevice: creating device client; threaded=0; jobified=0
Direct3D:
    Version:  Direct3D 11.0 [level 11.1]
    Renderer: NVIDIA GeForce GTX 1650 (ID=0x1f99)
    Vendor:   NVIDIA
    VRAM:     3950 MB
    Driver:   31.0.15.4617
Initialize mono
Mono path[0] = 'D:/Unity/Editor/2022.3.12f1/Editor/Data/Managed'
Mono path[1] = 'D:/Unity/Editor/2022.3.12f1/Editor/Data/MonoBleedingEdge/lib/mono/unityjit-win32'
Mono config path = 'D:/Unity/Editor/2022.3.12f1/Editor/Data/MonoBleedingEdge/etc'
Using monoOptions --debugger-agent=transport=dt_socket,embedding=1,server=y,suspend=n,address=127.0.0.1:56252
Begin MonoManager ReloadAssembly
Registering precompiled unity dll's ...
Register platform support module: D:/Unity/Editor/2022.3.12f1/Editor/Data/PlaybackEngines/WindowsStandaloneSupport/UnityEditor.WindowsStandalone.Extensions.dll
Registered in 0.003055 seconds.
- Loaded All Assemblies, in  0.377 seconds
Native extension for WindowsStandalone target not found
Mono: successfully reloaded assembly
- Finished resetting the current domain, in  0.295 seconds
Domain Reload Profiling: 672ms
	BeginReloadAssembly (110ms)
		ExecutionOrderSort (0ms)
		DisableScriptedObjects (0ms)
		BackupInstance (0ms)
		ReleaseScriptingObjects (0ms)
		CreateAndSetChildDomain (1ms)
	RebuildCommonClasses (38ms)
	RebuildNativeTypeToScriptingClass (15ms)
	initialDomainReloadingComplete (49ms)
	LoadAllAssembliesAndSetupDomain (165ms)
		LoadAssemblies (109ms)
		RebuildTransferFunctionScriptingTraits (0ms)
		AnalyzeDomain (163ms)
			TypeCache.Refresh (161ms)
				TypeCache.ScanAssembly (147ms)
			ScanForSourceGeneratedMonoScriptInfo (0ms)
			ResolveRequiredComponents (1ms)
	FinalizeReload (295ms)
		ReleaseScriptCaches (0ms)
		RebuildScriptCaches (0ms)
		SetupLoadedEditorAssemblies (232ms)
			LogAssemblyErrors (0ms)
			InitializePlatformSupportModulesInManaged (7ms)
			SetLoadedEditorAssemblies (8ms)
			RefreshPlugins (0ms)
			BeforeProcessingInitializeOnLoad (2ms)
			ProcessInitializeOnLoadAttributes (163ms)
			ProcessInitializeOnLoadMethodAttributes (52ms)
			AfterProcessingInitializeOnLoad (0ms)
			EditorAssembliesLoaded (0ms)
		ExecutionOrderSort2 (0ms)
		AwakeInstancesAfterBackupRestoration (0ms)
========================================================================
Worker process is ready to serve import requests
Begin MonoManager ReloadAssembly
- Loaded All Assemblies, in  0.728 seconds
Refreshing native plugins compatible for Editor in 3.01 ms, found 3 plugins.
Native extension for WindowsStandalone target not found
Package Manager log level set to [2]
[Package Manager] Server::EnsureServerProcessIsRunning -- launch failed, reason: Unity was launched with the -noUpm command-line argument
[Package Manager] UpmClient::Send -- Unable to send message (not connected to UPM process).
[Package Manager] Cannot connect to Unity Package Manager local server
Mono: successfully reloaded assembly
- Finished resetting the current domain, in  0.734 seconds
Domain Reload Profiling: 1462ms
	BeginReloadAssembly (189ms)
		ExecutionOrderSort (0ms)
		DisableScriptedObjects (9ms)
		BackupInstance (0ms)
		ReleaseScriptingObjects (0ms)
		CreateAndSetChildDomain (27ms)
	RebuildCommonClasses (55ms)
	RebuildNativeTypeToScriptingClass (17ms)
	initialDomainReloadingComplete (51ms)
	LoadAllAssembliesAndSetupDomain (416ms)
		LoadAssemblies (312ms)
		RebuildTransferFunctionScriptingTraits (0ms)
		AnalyzeDomain (212ms)
			TypeCache.Refresh (186ms)
				TypeCache.ScanAssembly (168ms)
			ScanForSourceGeneratedMonoScriptInfo (17ms)
			ResolveRequiredComponents (6ms)
	FinalizeReload (734ms)
		ReleaseScriptCaches (0ms)
		RebuildScriptCaches (0ms)
		SetupLoadedEditorAssemblies (547ms)
			LogAssemblyErrors (0ms)
			InitializePlatformSupportModulesInManaged (5ms)
			SetLoadedEditorAssemblies (6ms)
			RefreshPlugins (0ms)
			BeforeProcessingInitializeOnLoad (74ms)
			ProcessInitializeOnLoadAttributes (432ms)
			ProcessInitializeOnLoadMethodAttributes (28ms)
			AfterProcessingInitializeOnLoad (3ms)
			EditorAssembliesLoaded (0ms)
		ExecutionOrderSort2 (0ms)
		AwakeInstancesAfterBackupRestoration (7ms)
Launched and connected shader compiler UnityShaderCompiler.exe after 0.05 seconds
Refreshing native plugins compatible for Editor in 4.10 ms, found 3 plugins.
Preloading 0 native plugins for Editor in 0.00 ms.
Unloading 3082 Unused Serialized files (Serialized files now loaded: 0)
Unloading 32 unused Assets / (57.1 KB). Loaded Objects now: 3546.
Memory consumption went from 121.6 MB to 121.6 MB.
Total: 4.942400 ms (FindLiveObjects: 0.406400 ms CreateObjectMapping: 0.455800 ms MarkObjects: 3.930100 ms  DeleteObjects: 0.147900 ms)

AssetImportParameters requested are different than current active one (requested -> active):
  custom:container-demuxer-ogg: 62fdf1f143b41e24485cea50d1cbac27 -> 
  custom:video-decoder-ogg-theora: a1e56fd34408186e4bbccfd4996cb3dc -> 
  custom:framework-win-MediaFoundation: 216162199b28c13a410421893ffa2e32 -> 
  custom:CustomObjectIndexerAttribute: 756ad292c208cfabdd7b50bc23989ffe -> 
  custom:container-demuxer-webm: 4f35f7cbe854078d1ac9338744f61a02 -> 
  custom:container-muxer-webm: aa71ff27fc2769a1b78a27578f13a17b -> 
  custom:video-decoder-webm-vp8: 9c59270c3fd7afecdb556c50c9e8de78 -> 
  custom:SearchIndexIgnoredProperties: e643bd26f0fe6173181afceb89e7c659 -> 
  custom:AudioImporter_EditorPlatform: d09bf68614088b80899f8185d706f6e7 -> 
  custom:video-encoder-webm-vp8: eb34c28f22e8b96e1ab97ce403110664 -> 
  custom:audio-decoder-ogg-vorbis: bf7c407c2cedff20999df2af8eb42d56 -> 
  custom:audio-encoder-webm-vorbis: bf7c407c2cedff20999df2af8eb42d56 -> 
========================================================================
Received Import Request.
  Time since last request: 463490.739094 seconds.
  path: Assets/Materials/Asphalt_materials/Textures/Asphalt_texture1/NormalMap.png
  artifactKey: Guid(5352df4ea95f8424a854c7d465445c4d) Importer(2089858483,0ecaa5967403d082aa24f35e1b516d23)
Start importing Assets/Materials/Asphalt_materials/Textures/Asphalt_texture1/NormalMap.png using Guid(5352df4ea95f8424a854c7d465445c4d) Importer(2089858483,0ecaa5967403d082aa24f35e1b516d23) Generated GUIDs only implemented for interfaces!
 -> (artifact id: 'c6ae2aebe78c85714f4a3616ed8b9e49') in 0.274265 seconds
Number of updated asset objects reloaded before import = 0
Number of asset objects unloaded after import = 1
========================================================================
Received Import Request.
  Time since last request: 0.000033 seconds.
  path: Assets/Models/Apartment_Building/Prefabs/Apartment_Building.prefab
  artifactKey: Guid(5a3eb7cb0a6d7e64cacbcb7bcf4d5061) Importer(2089858483,0ecaa5967403d082aa24f35e1b516d23)
Start importing Assets/Models/Apartment_Building/Prefabs/Apartment_Building.prefab using Guid(5a3eb7cb0a6d7e64cacbcb7bcf4d5061) Importer(2089858483,0ecaa5967403d082aa24f35e1b516d23) Generated GUIDs only implemented for interfaces!
 -> (artifact id: '70d1bacad73ac703a52b75947566a47a') in 0.050370 seconds
Number of updated asset objects reloaded before import = 0
Number of asset objects unloaded after import = 13
========================================================================
Received Import Request.
  Time since last request: 0.000016 seconds.
  path: Assets/Materials/Asphalt_materials/Textures/Asphalt_texture2/DisplacementMap-2.png
  artifactKey: Guid(f08e741fa72b64f6b911e8a4239311e6) Importer(2089858483,0ecaa5967403d082aa24f35e1b516d23)
Start importing Assets/Materials/Asphalt_materials/Textures/Asphalt_texture2/DisplacementMap-2.png using Guid(f08e741fa72b64f6b911e8a4239311e6) Importer(2089858483,0ecaa5967403d082aa24f35e1b516d23) Generated GUIDs only implemented for interfaces!
 -> (artifact id: '3cb18a7faaab015f221c2a215bbac0af') in 0.117430 seconds
Number of updated asset objects reloaded before import = 0
Number of asset objects unloaded after import = 1
========================================================================
Received Import Request.
  Time since last request: 0.000016 seconds.
  path: Assets/Materials/Asphalt_materials/Materials/Asphalt_material_3.mat
  artifactKey: Guid(77859c11a5041451bba8e6fade01a8e6) Importer(2089858483,0ecaa5967403d082aa24f35e1b516d23)
Start importing Assets/Materials/Asphalt_materials/Materials/Asphalt_material_3.mat using Guid(77859c11a5041451bba8e6fade01a8e6) Importer(2089858483,0ecaa5967403d082aa24f35e1b516d23) Generated GUIDs only implemented for interfaces!
 -> (artifact id: '858e20dab292b38045e4453fd47f4051') in 0.211206 seconds
Number of updated asset objects reloaded before import = 0
Number of asset objects unloaded after import = 5
========================================================================
Received Import Request.
  Time since last request: 0.000017 seconds.
  path: Assets/Materials/Asphalt_materials/Materials/Asphalt_material_13.mat
  artifactKey: Guid(dae0f2d37123c45bbb1c77c4971e8ceb) Importer(2089858483,0ecaa5967403d082aa24f35e1b516d23)
Start importing Assets/Materials/Asphalt_materials/Materials/Asphalt_material_13.mat using Guid(dae0f2d37123c45bbb1c77c4971e8ceb) Importer(2089858483,0ecaa5967403d082aa24f35e1b516d23) Generated GUIDs only implemented for interfaces!
 -> (artifact id: '69b495dafa0e40c28f56dcc92b47fc7b') in 0.288867 seconds
Number of updated asset objects reloaded before import = 0
Number of asset objects unloaded after import = 5
========================================================================
Received Import Request.
  Time since last request: 0.000023 seconds.
  path: Assets/Materials/Asphalt_materials/Textures/Asphalt_texture11/DisplacementMap-11.png
  artifactKey: Guid(6cba334a502b34babb8743ff862f7b3c) Importer(2089858483,0ecaa5967403d082aa24f35e1b516d23)
Start importing Assets/Materials/Asphalt_materials/Textures/Asphalt_texture11/DisplacementMap-11.png using Guid(6cba334a502b34babb8743ff862f7b3c) Importer(2089858483,0ecaa5967403d082aa24f35e1b516d23) Generated GUIDs only implemented for interfaces!
 -> (artifact id: '4f12d4c9b35d83e5e0ba186702cf22a4') in 0.026109 seconds
Number of updated asset objects reloaded before import = 0
Number of asset objects unloaded after import = 1
========================================================================
Received Import Request.
  Time since last request: 0.000019 seconds.
  path: Assets/Models/Bicycle Models/Bicycle Model #5/Materials/Material Wheels.mat
  artifactKey: Guid(04831b0bba159ed47af586ccb6e43617) Importer(2089858483,0ecaa5967403d082aa24f35e1b516d23)
Start importing Assets/Models/Bicycle Models/Bicycle Model #5/Materials/Material Wheels.mat using Guid(04831b0bba159ed47af586ccb6e43617) Importer(2089858483,0ecaa5967403d082aa24f35e1b516d23) Generated GUIDs only implemented for interfaces!
 -> (artifact id: '4e45f4c964302da482425be2e431f15d') in 0.016890 seconds
Number of updated asset objects reloaded before import = 0
Number of asset objects unloaded after import = 1
========================================================================
Received Import Request.
  Time since last request: 0.000019 seconds.
  path: Assets/Materials/Asphalt_materials/Textures/Asphalt_texture8/DisplacementMap-8.png
  artifactKey: Guid(8519cbdbd56ab419288ce6639aeef382) Importer(2089858483,0ecaa5967403d082aa24f35e1b516d23)
Start importing Assets/Materials/Asphalt_materials/Textures/Asphalt_texture8/DisplacementMap-8.png using Guid(8519cbdbd56ab419288ce6639aeef382) Importer(2089858483,0ecaa5967403d082aa24f35e1b516d23) Generated GUIDs only implemented for interfaces!
 -> (artifact id: 'b360646519d54c723429087b7ad83cae') in 0.046205 seconds
Number of updated asset objects reloaded before import = 0
Number of asset objects unloaded after import = 1
========================================================================
Received Import Request.
  Time since last request: 0.000016 seconds.
  path: Assets/Materials/Asphalt_materials/Textures/Asphalt_texture5/DisplacementMap-5.png
  artifactKey: Guid(ea457693c669f48d9892aa9a01bcf161) Importer(2089858483,0ecaa5967403d082aa24f35e1b516d23)
Start importing Assets/Materials/Asphalt_materials/Textures/Asphalt_texture5/DisplacementMap-5.png using Guid(ea457693c669f48d9892aa9a01bcf161) Importer(2089858483,0ecaa5967403d082aa24f35e1b516d23) Generated GUIDs only implemented for interfaces!
 -> (artifact id: 'a09b74a7c111b737402c232984542354') in 0.045211 seconds
Number of updated asset objects reloaded before import = 0
Number of asset objects unloaded after import = 1
========================================================================
Received Import Request.
  Time since last request: 0.000016 seconds.
  path: Assets/Materials/Asphalt_materials/Textures/Asphalt_texture8/NormalMap-8.png
  artifactKey: Guid(c68442966c0ad4a9bbcbdda6bdbb2003) Importer(2089858483,0ecaa5967403d082aa24f35e1b516d23)
Start importing Assets/Materials/Asphalt_materials/Textures/Asphalt_texture8/NormalMap-8.png using Guid(c68442966c0ad4a9bbcbdda6bdbb2003) Importer(2089858483,0ecaa5967403d082aa24f35e1b516d23) Generated GUIDs only implemented for interfaces!
 -> (artifact id: 'e47e42fbe65604076a2a9dca4dd93c43') in 0.062450 seconds
Number of updated asset objects reloaded before import = 0
Number of asset objects unloaded after import = 1
========================================================================
Received Import Request.
  Time since last request: 0.000031 seconds.
  path: Assets/Models/Bicycle Models/Bicycle Model #5/Textures/Textures.png
  artifactKey: Guid(8cd253825c16a3a44af85a33a467ae6b) Importer(2089858483,0ecaa5967403d082aa24f35e1b516d23)
Start importing Assets/Models/Bicycle Models/Bicycle Model #5/Textures/Textures.png using Guid(8cd253825c16a3a44af85a33a467ae6b) Importer(2089858483,0ecaa5967403d082aa24f35e1b516d23) Generated GUIDs only implemented for interfaces!
 -> (artifact id: 'e3fcbb3a541d9fdb80d0491c9c801e07') in 0.045220 seconds
Number of updated asset objects reloaded before import = 0
Number of asset objects unloaded after import = 1
========================================================================
Received Import Request.
  Time since last request: 0.000022 seconds.
  path: Assets/Materials/Asphalt_materials/Textures/Asphalt_texture9/NormalMap-9.png
  artifactKey: Guid(caf2523f7bf5a4fb3a5a8e60d36e7c86) Importer(2089858483,0ecaa5967403d082aa24f35e1b516d23)
Start importing Assets/Materials/Asphalt_materials/Textures/Asphalt_texture9/NormalMap-9.png using Guid(caf2523f7bf5a4fb3a5a8e60d36e7c86) Importer(2089858483,0ecaa5967403d082aa24f35e1b516d23) Generated GUIDs only implemented for interfaces!
 -> (artifact id: 'e57b59cc5d20c80a1c0d36507e4073c8') in 0.057905 seconds
Number of updated asset objects reloaded before import = 0
Number of asset objects unloaded after import = 1
========================================================================
Received Import Request.
  Time since last request: 0.000018 seconds.
  path: Assets/Models/Apartment_Building/Textures/apartment_building_S.png
  artifactKey: Guid(7b04ace0ec3ae9245838eb16a5f5e34e) Importer(2089858483,0ecaa5967403d082aa24f35e1b516d23)
Start importing Assets/Models/Apartment_Building/Textures/apartment_building_S.png using Guid(7b04ace0ec3ae9245838eb16a5f5e34e) Importer(2089858483,0ecaa5967403d082aa24f35e1b516d23) Generated GUIDs only implemented for interfaces!
 -> (artifact id: '5b8c7146aa32c0d243dd4670bf798968') in 0.107790 seconds
Number of updated asset objects reloaded before import = 0
Number of asset objects unloaded after import = 1
========================================================================
Received Import Request.
  Time since last request: 0.000017 seconds.
  path: Assets/Models/Street_lamp/Materials/T_StreetLampRound1A_normal.png
  artifactKey: Guid(7903b26cbe8f0b34792c1cbd4cb0e3fd) Importer(2089858483,0ecaa5967403d082aa24f35e1b516d23)
Start importing Assets/Models/Street_lamp/Materials/T_StreetLampRound1A_normal.png using Guid(7903b26cbe8f0b34792c1cbd4cb0e3fd) Importer(2089858483,0ecaa5967403d082aa24f35e1b516d23) Generated GUIDs only implemented for interfaces!
 -> (artifact id: '1897f0cb6d00a824ac677a4395079f46') in 0.033914 seconds
Number of updated asset objects reloaded before import = 0
Number of asset objects unloaded after import = 1
========================================================================
Received Import Request.
  Time since last request: 0.000024 seconds.
  path: Assets/Materials/Asphalt_materials/Textures/Asphalt_texture10/DisplacementMap-10.png
  artifactKey: Guid(423c34663926246d3ad0c002116900e1) Importer(2089858483,0ecaa5967403d082aa24f35e1b516d23)
Start importing Assets/Materials/Asphalt_materials/Textures/Asphalt_texture10/DisplacementMap-10.png using Guid(423c34663926246d3ad0c002116900e1) Importer(2089858483,0ecaa5967403d082aa24f35e1b516d23) Generated GUIDs only implemented for interfaces!
 -> (artifact id: '626fae47bd5cbf2b27546201aeb9cd55') in 0.051422 seconds
Number of updated asset objects reloaded before import = 0
Number of asset objects unloaded after import = 1
========================================================================
Received Import Request.
  Time since last request: 0.000015 seconds.
  path: Assets/Models/Bicycle Models/Bicycle Model #5/Scenes/SampleScene.unity
  artifactKey: Guid(9fc0d4010bbf28b4594072e72b8655ab) Importer(2089858483,0ecaa5967403d082aa24f35e1b516d23)
Start importing Assets/Models/Bicycle Models/Bicycle Model #5/Scenes/SampleScene.unity using Guid(9fc0d4010bbf28b4594072e72b8655ab) Importer(2089858483,0ecaa5967403d082aa24f35e1b516d23) Generated GUIDs only implemented for interfaces!
 -> (artifact id: 'a4ae6e519c2f9a7bd663a8f2b5db9d44') in 0.011074 seconds
Number of updated asset objects reloaded before import = 0
Number of asset objects unloaded after import = 1
========================================================================
Received Import Request.
  Time since last request: 0.000018 seconds.
  path: Assets/Materials/Asphalt_materials/Materials/Asphalt_material_11.mat
  artifactKey: Guid(2ef31fa7f9e174874a08c3efbc900a0d) Importer(2089858483,0ecaa5967403d082aa24f35e1b516d23)
Start importing Assets/Materials/Asphalt_materials/Materials/Asphalt_material_11.mat using Guid(2ef31fa7f9e174874a08c3efbc900a0d) Importer(2089858483,0ecaa5967403d082aa24f35e1b516d23) Generated GUIDs only implemented for interfaces!
 -> (artifact id: '24c10fd0826cf209d19342e4b30669e4') in 0.038701 seconds
Number of updated asset objects reloaded before import = 0
Number of asset objects unloaded after import = 5
========================================================================
Received Import Request.
  Time since last request: 0.000017 seconds.
  path: Assets/Materials/Asphalt_materials/Textures/Asphalt_texture9/DisplacementMap-9.png
  artifactKey: Guid(7e3a61b796d0a4835869ef40f8adb535) Importer(2089858483,0ecaa5967403d082aa24f35e1b516d23)
Start importing Assets/Materials/Asphalt_materials/Textures/Asphalt_texture9/DisplacementMap-9.png using Guid(7e3a61b796d0a4835869ef40f8adb535) Importer(2089858483,0ecaa5967403d082aa24f35e1b516d23) Generated GUIDs only implemented for interfaces!
 -> (artifact id: '804da8e085c119ec23578cd2a0009fd6') in 0.035049 seconds
Number of updated asset objects reloaded before import = 0
Number of asset objects unloaded after import = 1
========================================================================
Received Import Request.
  Time since last request: 0.000024 seconds.
  path: Assets/Materials/Asphalt_materials/Materials/Asphalt_material_10.mat
  artifactKey: Guid(4c157cc8cdc264bcf9f241bcd0fdd202) Importer(2089858483,0ecaa5967403d082aa24f35e1b516d23)
Start importing Assets/Materials/Asphalt_materials/Materials/Asphalt_material_10.mat using Guid(4c157cc8cdc264bcf9f241bcd0fdd202) Importer(2089858483,0ecaa5967403d082aa24f35e1b516d23) Generated GUIDs only implemented for interfaces!
 -> (artifact id: '0599ea7396ed62e91d4af1f433a21441') in 0.162009 seconds
Number of updated asset objects reloaded before import = 0
Number of asset objects unloaded after import = 5
========================================================================
Received Import Request.
  Time since last request: 0.000023 seconds.
  path: Assets/Materials/Asphalt_materials/Textures/Asphalt_texture11/Asphalt_texture_11.png
  artifactKey: Guid(8c4601891d91e4ee8aec5354de6c10c4) Importer(2089858483,0ecaa5967403d082aa24f35e1b516d23)
Start importing Assets/Materials/Asphalt_materials/Textures/Asphalt_texture11/Asphalt_texture_11.png using Guid(8c4601891d91e4ee8aec5354de6c10c4) Importer(2089858483,0ecaa5967403d082aa24f35e1b516d23) Generated GUIDs only implemented for interfaces!
 -> (artifact id: '7e83e0ebed6fd6b371d753f328337cfe') in 0.029165 seconds
Number of updated asset objects reloaded before import = 0
Number of asset objects unloaded after import = 1
========================================================================
Received Import Request.
  Time since last request: 0.000027 seconds.
  path: Assets/Materials/Asphalt_materials/Materials/Asphalt_material_9.mat
  artifactKey: Guid(f7efac6d6d7a343a19528a2733fd9759) Importer(2089858483,0ecaa5967403d082aa24f35e1b516d23)
Start importing Assets/Materials/Asphalt_materials/Materials/Asphalt_material_9.mat using Guid(f7efac6d6d7a343a19528a2733fd9759) Importer(2089858483,0ecaa5967403d082aa24f35e1b516d23) Generated GUIDs only implemented for interfaces!
 -> (artifact id: 'e5934fdbefff1f58e5cd5d5100cafd00') in 0.072107 seconds
Number of updated asset objects reloaded before import = 0
Number of asset objects unloaded after import = 5
========================================================================
Received Import Request.
  Time since last request: 0.000016 seconds.
  path: Assets/Materials/Asphalt_materials/Textures/Asphalt_texture9/AmbientOcclusionMap-9.png
  artifactKey: Guid(e213e50c02a244ce7a5405139f1bdfc4) Importer(2089858483,0ecaa5967403d082aa24f35e1b516d23)
Start importing Assets/Materials/Asphalt_materials/Textures/Asphalt_texture9/AmbientOcclusionMap-9.png using Guid(e213e50c02a244ce7a5405139f1bdfc4) Importer(2089858483,0ecaa5967403d082aa24f35e1b516d23) Generated GUIDs only implemented for interfaces!
 -> (artifact id: '0432f0fb3e7dc72edb1f69aa06becef1') in 0.050283 seconds
Number of updated asset objects reloaded before import = 0
Number of asset objects unloaded after import = 1
========================================================================
Received Import Request.
  Time since last request: 0.000044 seconds.
  path: Assets/Materials/Asphalt_materials/Materials/Asphalt_material_12.mat
  artifactKey: Guid(fb4ab74263784417d8011e1a5147f0ff) Importer(2089858483,0ecaa5967403d082aa24f35e1b516d23)
Start importing Assets/Materials/Asphalt_materials/Materials/Asphalt_material_12.mat using Guid(fb4ab74263784417d8011e1a5147f0ff) Importer(2089858483,0ecaa5967403d082aa24f35e1b516d23) Generated GUIDs only implemented for interfaces!
 -> (artifact id: '550798447dab902d88690a6011e627d7') in 0.112921 seconds
Number of updated asset objects reloaded before import = 0
Number of asset objects unloaded after import = 5
========================================================================
Received Import Request.
  Time since last request: 0.000017 seconds.
  path: Assets/Materials/Asphalt_materials/Textures/Asphalt_texture12/AmbientOcclusionMap-12.png
  artifactKey: Guid(2006db0e3c82f43ce8c75996256ce0eb) Importer(2089858483,0ecaa5967403d082aa24f35e1b516d23)
Start importing Assets/Materials/Asphalt_materials/Textures/Asphalt_texture12/AmbientOcclusionMap-12.png using Guid(2006db0e3c82f43ce8c75996256ce0eb) Importer(2089858483,0ecaa5967403d082aa24f35e1b516d23) Generated GUIDs only implemented for interfaces!
 -> (artifact id: 'ae9810d1f9b80fdc59fd6e4721004b78') in 0.029055 seconds
Number of updated asset objects reloaded before import = 0
Number of asset objects unloaded after import = 1
========================================================================
Received Import Request.
  Time since last request: 0.000031 seconds.
  path: Assets/Models/Bicycle Models/Bicycle Model #5/Materials/Material Textures.mat
  artifactKey: Guid(3f0438abbf599464ab68c0998808a76b) Importer(2089858483,0ecaa5967403d082aa24f35e1b516d23)
Start importing Assets/Models/Bicycle Models/Bicycle Model #5/Materials/Material Textures.mat using Guid(3f0438abbf599464ab68c0998808a76b) Importer(2089858483,0ecaa5967403d082aa24f35e1b516d23) Generated GUIDs only implemented for interfaces!
 -> (artifact id: '50115e5d634e24833917871ae2a55ec5') in 0.015833 seconds
Number of updated asset objects reloaded before import = 0
Number of asset objects unloaded after import = 2
========================================================================
Received Import Request.
  Time since last request: 0.000028 seconds.
  path: Assets/Models/Apartment_Building/Materials/Apartment_Building-apartment_building.mat
  artifactKey: Guid(3c4061f2283fcc7439a06980d152e91e) Importer(2089858483,0ecaa5967403d082aa24f35e1b516d23)
Start importing Assets/Models/Apartment_Building/Materials/Apartment_Building-apartment_building.mat using Guid(3c4061f2283fcc7439a06980d152e91e) Importer(2089858483,0ecaa5967403d082aa24f35e1b516d23) Generated GUIDs only implemented for interfaces!
 -> (artifact id: 'c6b031573f860040f74c307acbfdb272') in 0.062723 seconds
Number of updated asset objects reloaded before import = 0
Number of asset objects unloaded after import = 2
========================================================================
Received Import Request.
  Time since last request: 0.000028 seconds.
  path: Assets/Models/Apartment_Building/FBX_model/Materials/Apartment_Building-apartment_building.mat
  artifactKey: Guid(3e919cd41f44f4d4eae2d5b875ebae6b) Importer(2089858483,0ecaa5967403d082aa24f35e1b516d23)
Start importing Assets/Models/Apartment_Building/FBX_model/Materials/Apartment_Building-apartment_building.mat using Guid(3e919cd41f44f4d4eae2d5b875ebae6b) Importer(2089858483,0ecaa5967403d082aa24f35e1b516d23) Generated GUIDs only implemented for interfaces!
 -> (artifact id: '5f177627fab891af53dca3d54ddbf981') in 0.019713 seconds
Number of updated asset objects reloaded before import = 0
Number of asset objects unloaded after import = 2
========================================================================
Received Import Request.
  Time since last request: 0.000037 seconds.
  path: Assets/Materials/Asphalt_materials/Textures/Asphalt_texture10/AmbientOcclusionMap-10.png
  artifactKey: Guid(dc78e27c932ea4b038d4931f5e2f1058) Importer(2089858483,0ecaa5967403d082aa24f35e1b516d23)
Start importing Assets/Materials/Asphalt_materials/Textures/Asphalt_texture10/AmbientOcclusionMap-10.png using Guid(dc78e27c932ea4b038d4931f5e2f1058) Importer(2089858483,0ecaa5967403d082aa24f35e1b516d23) Generated GUIDs only implemented for interfaces!
 -> (artifact id: '2f4f7c6e43be0821a327153773db047c') in 0.033745 seconds
Number of updated asset objects reloaded before import = 0
Number of asset objects unloaded after import = 1
========================================================================
Received Import Request.
  Time since last request: 0.000018 seconds.
  path: Assets/Materials/Asphalt_materials/Textures/Asphalt_texture2/AmbientOcclusionMap-2.png
  artifactKey: Guid(809ad70c89a514892a12faf0efc25e17) Importer(2089858483,0ecaa5967403d082aa24f35e1b516d23)
Start importing Assets/Materials/Asphalt_materials/Textures/Asphalt_texture2/AmbientOcclusionMap-2.png using Guid(809ad70c89a514892a12faf0efc25e17) Importer(2089858483,0ecaa5967403d082aa24f35e1b516d23) Generated GUIDs only implemented for interfaces!
 -> (artifact id: 'd3cb43e0c41009577454bf3444066dc7') in 0.026501 seconds
Number of updated asset objects reloaded before import = 0
Number of asset objects unloaded after import = 1
========================================================================
Received Import Request.
  Time since last request: 0.000042 seconds.
  path: Assets/Materials/Asphalt_materials/Textures/Asphalt_texture5/Asphalt_texture_5.png
  artifactKey: Guid(cc2a15ec023a94769a897bf34ddb0f4a) Importer(2089858483,0ecaa5967403d082aa24f35e1b516d23)
Start importing Assets/Materials/Asphalt_materials/Textures/Asphalt_texture5/Asphalt_texture_5.png using Guid(cc2a15ec023a94769a897bf34ddb0f4a) Importer(2089858483,0ecaa5967403d082aa24f35e1b516d23) Generated GUIDs only implemented for interfaces!
 -> (artifact id: 'f6c7a790fa32381b4f922ff6d62031ed') in 0.035402 seconds
Number of updated asset objects reloaded before import = 0
Number of asset objects unloaded after import = 1
========================================================================
Received Import Request.
  Time since last request: 0.000016 seconds.
  path: Assets/Models/Bicycle Models/Bicycle Model #5/Materials/Material Body.mat
  artifactKey: Guid(86b0e327e34d45a489cc1e0096edff2b) Importer(2089858483,0ecaa5967403d082aa24f35e1b516d23)
Start importing Assets/Models/Bicycle Models/Bicycle Model #5/Materials/Material Body.mat using Guid(86b0e327e34d45a489cc1e0096edff2b) Importer(2089858483,0ecaa5967403d082aa24f35e1b516d23) Generated GUIDs only implemented for interfaces!
 -> (artifact id: '251f08bdab7e4a96a1c853039a23ffe0') in 0.014164 seconds
Number of updated asset objects reloaded before import = 0
Number of asset objects unloaded after import = 1
========================================================================
Received Import Request.
  Time since last request: 0.000027 seconds.
  path: Assets/Materials/Asphalt_materials/Textures/Asphalt_texture7/NormalMap-7.png
  artifactKey: Guid(cd67d7b27c03e4948b144b4823b5129b) Importer(2089858483,0ecaa5967403d082aa24f35e1b516d23)
Start importing Assets/Materials/Asphalt_materials/Textures/Asphalt_texture7/NormalMap-7.png using Guid(cd67d7b27c03e4948b144b4823b5129b) Importer(2089858483,0ecaa5967403d082aa24f35e1b516d23) Generated GUIDs only implemented for interfaces!
 -> (artifact id: '8a1fb910f6e069fe1ef32e166cb93312') in 0.039643 seconds
Number of updated asset objects reloaded before import = 0
Number of asset objects unloaded after import = 1
========================================================================
Received Import Request.
  Time since last request: 0.000026 seconds.
  path: Assets/Materials/Asphalt_materials/Textures/Asphalt_texture14/NormalMap-14.png
  artifactKey: Guid(eec8eac57a9174f838123d67afba1f51) Importer(2089858483,0ecaa5967403d082aa24f35e1b516d23)
Start importing Assets/Materials/Asphalt_materials/Textures/Asphalt_texture14/NormalMap-14.png using Guid(eec8eac57a9174f838123d67afba1f51) Importer(2089858483,0ecaa5967403d082aa24f35e1b516d23) Generated GUIDs only implemented for interfaces!
 -> (artifact id: '1b72478c977d3239a0727ccee0b24efc') in 0.051816 seconds
Number of updated asset objects reloaded before import = 0
Number of asset objects unloaded after import = 1
========================================================================
Received Import Request.
  Time since last request: 0.000014 seconds.
  path: Assets/Models/Street_lamp/Meshes/StreetLampRound1.fbx
  artifactKey: Guid(486be20ee6e828b4e959ba7744d169fb) Importer(2089858483,0ecaa5967403d082aa24f35e1b516d23)
Start importing Assets/Models/Street_lamp/Meshes/StreetLampRound1.fbx using Guid(486be20ee6e828b4e959ba7744d169fb) Importer(2089858483,0ecaa5967403d082aa24f35e1b516d23) Generated GUIDs only implemented for interfaces!
 -> (artifact id: '5a694d0e7398b5983d74bda77c46cb8e') in 0.053468 seconds
Number of updated asset objects reloaded before import = 0
Number of asset objects unloaded after import = 7
========================================================================
Received Import Request.
  Time since last request: 0.000017 seconds.
  path: Assets/Models/Street_lamp/Prefabs/StreetLampRound1A.prefab
  artifactKey: Guid(1b01ec087414cf046926d21f8c0c7f6f) Importer(2089858483,0ecaa5967403d082aa24f35e1b516d23)
Start importing Assets/Models/Street_lamp/Prefabs/StreetLampRound1A.prefab using Guid(1b01ec087414cf046926d21f8c0c7f6f) Importer(2089858483,0ecaa5967403d082aa24f35e1b516d23) Generated GUIDs only implemented for interfaces!
 -> (artifact id: 'a3771d0df85cd8ce5fefd680affc5d0c') in 0.021004 seconds
Number of updated asset objects reloaded before import = 0
Number of asset objects unloaded after import = 14
========================================================================
Received Import Request.
  Time since last request: 0.000025 seconds.
  path: Assets/Materials/Asphalt_materials/Textures/Asphalt_texture2/NormalMap-2.png
  artifactKey: Guid(e6b643cde20d841e29b106f89d595d65) Importer(2089858483,0ecaa5967403d082aa24f35e1b516d23)
Start importing Assets/Materials/Asphalt_materials/Textures/Asphalt_texture2/NormalMap-2.png using Guid(e6b643cde20d841e29b106f89d595d65) Importer(2089858483,0ecaa5967403d082aa24f35e1b516d23) Generated GUIDs only implemented for interfaces!
 -> (artifact id: '8a55cae2ca1a6958ed386983065bedbe') in 0.034027 seconds
Number of updated asset objects reloaded before import = 0
Number of asset objects unloaded after import = 1
========================================================================
Received Import Request.
  Time since last request: 0.000015 seconds.
  path: Assets/Materials/Asphalt_materials/Textures/Asphalt_texture11/AmbientOcclusionMap-11.png
  artifactKey: Guid(d4c5f66976bfa4f3a978b46f3e988485) Importer(2089858483,0ecaa5967403d082aa24f35e1b516d23)
Start importing Assets/Materials/Asphalt_materials/Textures/Asphalt_texture11/AmbientOcclusionMap-11.png using Guid(d4c5f66976bfa4f3a978b46f3e988485) Importer(2089858483,0ecaa5967403d082aa24f35e1b516d23) Generated GUIDs only implemented for interfaces!
 -> (artifact id: 'cba8c7cd7b6633b9410c55301b7ee694') in 0.026921 seconds
Number of updated asset objects reloaded before import = 0
Number of asset objects unloaded after import = 1
========================================================================
Received Import Request.
  Time since last request: 0.000022 seconds.
  path: Assets/Materials/Asphalt_materials/Textures/Asphalt_texture10/NormalMap-10.png
  artifactKey: Guid(019ba87d5cf7b4fb8a8a9aa37ad391bf) Importer(2089858483,0ecaa5967403d082aa24f35e1b516d23)
Start importing Assets/Materials/Asphalt_materials/Textures/Asphalt_texture10/NormalMap-10.png using Guid(019ba87d5cf7b4fb8a8a9aa37ad391bf) Importer(2089858483,0ecaa5967403d082aa24f35e1b516d23) Generated GUIDs only implemented for interfaces!
 -> (artifact id: 'f91c4c103b8eaf129fc624f2cb520607') in 0.030346 seconds
Number of updated asset objects reloaded before import = 0
Number of asset objects unloaded after import = 1
========================================================================
Received Import Request.
  Time since last request: 0.000028 seconds.
  path: Assets/Models/Bicycle Models/Bicycle Model #5/Models/Low-Poly Bicycle # 5.FBX
  artifactKey: Guid(e3a436e0ac6013f41999e23f2cc91370) Importer(2089858483,0ecaa5967403d082aa24f35e1b516d23)
Start importing Assets/Models/Bicycle Models/Bicycle Model #5/Models/Low-Poly Bicycle # 5.FBX using Guid(e3a436e0ac6013f41999e23f2cc91370) Importer(2089858483,0ecaa5967403d082aa24f35e1b516d23) Generated GUIDs only implemented for interfaces!
 -> (artifact id: '76057220adad682eca3f22a0d07d72c1') in 0.040211 seconds
Number of updated asset objects reloaded before import = 0
Number of asset objects unloaded after import = 39
========================================================================
Received Import Request.
  Time since last request: 0.000025 seconds.
  path: Assets/Materials/Asphalt_materials/Textures/Asphalt_texture13/AmbientOcclusionMap-13.png
  artifactKey: Guid(c8832bdc337044492a3b1d15e34270b5) Importer(2089858483,0ecaa5967403d082aa24f35e1b516d23)
Start importing Assets/Materials/Asphalt_materials/Textures/Asphalt_texture13/AmbientOcclusionMap-13.png using Guid(c8832bdc337044492a3b1d15e34270b5) Importer(2089858483,0ecaa5967403d082aa24f35e1b516d23) Generated GUIDs only implemented for interfaces!
 -> (artifact id: 'f6806f2138848b2997e346323c7ae213') in 0.037176 seconds
Number of updated asset objects reloaded before import = 0
Number of asset objects unloaded after import = 1
========================================================================
Received Import Request.
  Time since last request: 0.000017 seconds.
  path: Assets/Models/Apartment_Building/Textures/apartment_building_D.png
  artifactKey: Guid(f8ea2a50746f31a4c828e4fc2f09387d) Importer(2089858483,0ecaa5967403d082aa24f35e1b516d23)
Start importing Assets/Models/Apartment_Building/Textures/apartment_building_D.png using Guid(f8ea2a50746f31a4c828e4fc2f09387d) Importer(2089858483,0ecaa5967403d082aa24f35e1b516d23) Generated GUIDs only implemented for interfaces!
 -> (artifact id: '47fb1d7f3d94ab8b1561c8c93c11c01f') in 0.030564 seconds
Number of updated asset objects reloaded before import = 0
Number of asset objects unloaded after import = 1
========================================================================
Received Import Request.
  Time since last request: 0.000021 seconds.
  path: Assets/Materials/Asphalt_materials/Materials/Asphalt_material_1.mat
  artifactKey: Guid(e2cf99945ce4148a6a6c50e4ce7b992c) Importer(2089858483,0ecaa5967403d082aa24f35e1b516d23)
Start importing Assets/Materials/Asphalt_materials/Materials/Asphalt_material_1.mat using Guid(e2cf99945ce4148a6a6c50e4ce7b992c) Importer(2089858483,0ecaa5967403d082aa24f35e1b516d23) Generated GUIDs only implemented for interfaces!
 -> (artifact id: '5761a85476a1dfebf8dedf90d5cb9795') in 0.124276 seconds
Number of updated asset objects reloaded before import = 0
Number of asset objects unloaded after import = 5
========================================================================
Received Import Request.
  Time since last request: 0.000022 seconds.
  path: Assets/Materials/Asphalt_materials/Textures/Asphalt_texture4/AmbientOcclusionMap-4.png
  artifactKey: Guid(6f175b77f13134dbcb16244f695a7a9d) Importer(2089858483,0ecaa5967403d082aa24f35e1b516d23)
Start importing Assets/Materials/Asphalt_materials/Textures/Asphalt_texture4/AmbientOcclusionMap-4.png using Guid(6f175b77f13134dbcb16244f695a7a9d) Importer(2089858483,0ecaa5967403d082aa24f35e1b516d23) Generated GUIDs only implemented for interfaces!
 -> (artifact id: '29548a2903ea5b0cc12410aa2adef683') in 0.027742 seconds
Number of updated asset objects reloaded before import = 0
Number of asset objects unloaded after import = 1
========================================================================
Received Import Request.
  Time since last request: 0.000028 seconds.
  path: Assets/Materials/Asphalt_materials/Textures/Asphalt_texture8/Asphalt_texture_8.png
  artifactKey: Guid(7aa5b4ddd4c8a484da725e8633495cef) Importer(2089858483,0ecaa5967403d082aa24f35e1b516d23)
Start importing Assets/Materials/Asphalt_materials/Textures/Asphalt_texture8/Asphalt_texture_8.png using Guid(7aa5b4ddd4c8a484da725e8633495cef) Importer(2089858483,0ecaa5967403d082aa24f35e1b516d23) Generated GUIDs only implemented for interfaces!
 -> (artifact id: '87d19e4cc6d2adb57e826191831eb898') in 0.032945 seconds
Number of updated asset objects reloaded before import = 0
Number of asset objects unloaded after import = 1
========================================================================
Received Import Request.
  Time since last request: 0.000024 seconds.
  path: Assets/Models/Street_lamp/Materials/T_StreetLampRound1A_basecolor.png
  artifactKey: Guid(d4e2e560e008ecd40b2abd7b884d2812) Importer(2089858483,0ecaa5967403d082aa24f35e1b516d23)
Start importing Assets/Models/Street_lamp/Materials/T_StreetLampRound1A_basecolor.png using Guid(d4e2e560e008ecd40b2abd7b884d2812) Importer(2089858483,0ecaa5967403d082aa24f35e1b516d23) Generated GUIDs only implemented for interfaces!
 -> (artifact id: '36254f05b25d1cb13f550751fba7727e') in 0.034809 seconds
Number of updated asset objects reloaded before import = 0
Number of asset objects unloaded after import = 1
========================================================================
Received Import Request.
  Time since last request: 0.000030 seconds.
  path: Assets/Models/Street_lamp/Materials/T_StreetLampRound1A_emission.png
  artifactKey: Guid(91f4481a8f8ecef468521579030d56fd) Importer(2089858483,0ecaa5967403d082aa24f35e1b516d23)
Start importing Assets/Models/Street_lamp/Materials/T_StreetLampRound1A_emission.png using Guid(91f4481a8f8ecef468521579030d56fd) Importer(2089858483,0ecaa5967403d082aa24f35e1b516d23) Generated GUIDs only implemented for interfaces!
 -> (artifact id: '74044fe6a72c4e9b5467d08e2f828c05') in 0.029832 seconds
Number of updated asset objects reloaded before import = 0
Number of asset objects unloaded after import = 1
========================================================================
Received Import Request.
  Time since last request: 0.000051 seconds.
  path: Assets/Materials/Asphalt_materials/Textures/Asphalt_texture5/NormalMap-5.png
  artifactKey: Guid(f5a10f6ba6bcf49fe81e0c55665003e2) Importer(2089858483,0ecaa5967403d082aa24f35e1b516d23)
Start importing Assets/Materials/Asphalt_materials/Textures/Asphalt_texture5/NormalMap-5.png using Guid(f5a10f6ba6bcf49fe81e0c55665003e2) Importer(2089858483,0ecaa5967403d082aa24f35e1b516d23) Generated GUIDs only implemented for interfaces!
 -> (artifact id: '29ce4351edf3dd636dc11ab49c24e2cf') in 0.056328 seconds
Number of updated asset objects reloaded before import = 0
Number of asset objects unloaded after import = 1
========================================================================
Received Import Request.
  Time since last request: 0.000015 seconds.
  path: Assets/Materials/Asphalt_materials/Materials/Asphalt_material_5.mat
  artifactKey: Guid(b5640261060a4414eba0bec03c556003) Importer(2089858483,0ecaa5967403d082aa24f35e1b516d23)
Start importing Assets/Materials/Asphalt_materials/Materials/Asphalt_material_5.mat using Guid(b5640261060a4414eba0bec03c556003) Importer(2089858483,0ecaa5967403d082aa24f35e1b516d23) Generated GUIDs only implemented for interfaces!
 -> (artifact id: '8074d845bafb367eb9211b8f30d65c11') in 0.029646 seconds
Number of updated asset objects reloaded before import = 0
Number of asset objects unloaded after import = 5
========================================================================
Received Import Request.
  Time since last request: 0.000018 seconds.
  path: Assets/Materials/Asphalt_materials/Textures/Asphalt_texture6/NormalMap-6.png
  artifactKey: Guid(7c0e5087388174f5c87ffaf36b5b5d14) Importer(2089858483,0ecaa5967403d082aa24f35e1b516d23)
Start importing Assets/Materials/Asphalt_materials/Textures/Asphalt_texture6/NormalMap-6.png using Guid(7c0e5087388174f5c87ffaf36b5b5d14) Importer(2089858483,0ecaa5967403d082aa24f35e1b516d23) Generated GUIDs only implemented for interfaces!
 -> (artifact id: 'ce321abeb8db5b7957ab4034c58be449') in 0.028529 seconds
Number of updated asset objects reloaded before import = 0
Number of asset objects unloaded after import = 1
