Using pre-set license
Built from '2022.3/release' branch; Version is '2022.3.12f1 (4fe6e059c7ef) revision 5236448'; Using compiler version '192829333'; Build Type 'Release'
OS: 'Windows 11  (10.0.22000) 64bit Enterprise' Language: 'ru' Physical Memory: 16252 MB
BatchMode: 1, IsHumanControllingUs: 0, StartBugReporterOnCrash: 0, Is64bit: 1, IsPro: 1

COMMAND LINE ARGUMENTS:
D:\Unity\Editor\2022.3.12f1\Editor\Unity.exe
-adb2
-batchMode
-noUpm
-name
AssetImportWorker1
-projectPath
D:/Unity/Projects/Shtykov_PR2
-logFile
Logs/AssetImportWorker1.log
-srvPort
57846
Successfully changed project path to: D:/Unity/Projects/Shtykov_PR2
D:/Unity/Projects/Shtykov_PR2
[UnityMemory] Configuration Parameters - Can be set up in boot.config
    "memorysetup-bucket-allocator-granularity=16"
    "memorysetup-bucket-allocator-bucket-count=8"
    "memorysetup-bucket-allocator-block-size=33554432"
    "memorysetup-bucket-allocator-block-count=8"
    "memorysetup-main-allocator-block-size=16777216"
    "memorysetup-thread-allocator-block-size=16777216"
    "memorysetup-gfx-main-allocator-block-size=16777216"
    "memorysetup-gfx-thread-allocator-block-size=16777216"
    "memorysetup-cache-allocator-block-size=4194304"
    "memorysetup-typetree-allocator-block-size=2097152"
    "memorysetup-profiler-bucket-allocator-granularity=16"
    "memorysetup-profiler-bucket-allocator-bucket-count=8"
    "memorysetup-profiler-bucket-allocator-block-size=33554432"
    "memorysetup-profiler-bucket-allocator-block-count=8"
    "memorysetup-profiler-allocator-block-size=16777216"
    "memorysetup-profiler-editor-allocator-block-size=1048576"
    "memorysetup-temp-allocator-size-main=16777216"
    "memorysetup-job-temp-allocator-block-size=2097152"
    "memorysetup-job-temp-allocator-block-size-background=1048576"
    "memorysetup-job-temp-allocator-reduction-small-platforms=262144"
    "memorysetup-allocator-temp-initial-block-size-main=262144"
    "memorysetup-allocator-temp-initial-block-size-worker=262144"
    "memorysetup-temp-allocator-size-background-worker=32768"
    "memorysetup-temp-allocator-size-job-worker=262144"
    "memorysetup-temp-allocator-size-preload-manager=33554432"
    "memorysetup-temp-allocator-size-nav-mesh-worker=65536"
    "memorysetup-temp-allocator-size-audio-worker=65536"
    "memorysetup-temp-allocator-size-cloud-worker=32768"
    "memorysetup-temp-allocator-size-gi-baking-worker=262144"
    "memorysetup-temp-allocator-size-gfx=262144"
Player connection [19616] Host "[IP] 192.168.1.15 [Port] 0 [Flags] 2 [Guid] 3111280037 [EditorId] 3111280037 [Version] 1048832 [Id] WindowsEditor(7,valid) [Debug] 1 [PackageName] WindowsEditor [ProjectName] Editor" joined multi-casting on [225.0.0.222:54997]...

Player connection [19616] Host "[IP] 192.168.1.15 [Port] 0 [Flags] 2 [Guid] 3111280037 [EditorId] 3111280037 [Version] 1048832 [Id] WindowsEditor(7,valid) [Debug] 1 [PackageName] WindowsEditor [ProjectName] Editor" joined alternative multi-casting on [225.0.0.222:34997]...

[Physics::Module] Initialized MultithreadedJobDispatcher with 7 workers.
Refreshing native plugins compatible for Editor in 7.66 ms, found 3 plugins.
Preloading 0 native plugins for Editor in 0.00 ms.
Initialize engine version: 2022.3.12f1 (4fe6e059c7ef)
[Subsystems] Discovering subsystems at path D:/Unity/Editor/2022.3.12f1/Editor/Data/Resources/UnitySubsystems
[Subsystems] Discovering subsystems at path D:/Unity/Projects/Shtykov_PR2/Assets
GfxDevice: creating device client; threaded=0; jobified=0
Direct3D:
    Version:  Direct3D 11.0 [level 11.1]
    Renderer: NVIDIA GeForce GTX 1650 (ID=0x1f99)
    Vendor:   NVIDIA
    VRAM:     3950 MB
    Driver:   31.0.15.4617
Initialize mono
Mono path[0] = 'D:/Unity/Editor/2022.3.12f1/Editor/Data/Managed'
Mono path[1] = 'D:/Unity/Editor/2022.3.12f1/Editor/Data/MonoBleedingEdge/lib/mono/unityjit-win32'
Mono config path = 'D:/Unity/Editor/2022.3.12f1/Editor/Data/MonoBleedingEdge/etc'
Using monoOptions --debugger-agent=transport=dt_socket,embedding=1,server=y,suspend=n,address=127.0.0.1:56924
Begin MonoManager ReloadAssembly
Registering precompiled unity dll's ...
Register platform support module: D:/Unity/Editor/2022.3.12f1/Editor/Data/PlaybackEngines/WindowsStandaloneSupport/UnityEditor.WindowsStandalone.Extensions.dll
Registered in 0.003181 seconds.
- Loaded All Assemblies, in  0.394 seconds
Native extension for WindowsStandalone target not found
Mono: successfully reloaded assembly
- Finished resetting the current domain, in  0.306 seconds
Domain Reload Profiling: 701ms
	BeginReloadAssembly (110ms)
		ExecutionOrderSort (0ms)
		DisableScriptedObjects (0ms)
		BackupInstance (0ms)
		ReleaseScriptingObjects (0ms)
		CreateAndSetChildDomain (1ms)
	RebuildCommonClasses (46ms)
	RebuildNativeTypeToScriptingClass (15ms)
	initialDomainReloadingComplete (53ms)
	LoadAllAssembliesAndSetupDomain (169ms)
		LoadAssemblies (109ms)
		RebuildTransferFunctionScriptingTraits (0ms)
		AnalyzeDomain (168ms)
			TypeCache.Refresh (166ms)
				TypeCache.ScanAssembly (153ms)
			ScanForSourceGeneratedMonoScriptInfo (0ms)
			ResolveRequiredComponents (0ms)
	FinalizeReload (307ms)
		ReleaseScriptCaches (0ms)
		RebuildScriptCaches (0ms)
		SetupLoadedEditorAssemblies (232ms)
			LogAssemblyErrors (0ms)
			InitializePlatformSupportModulesInManaged (7ms)
			SetLoadedEditorAssemblies (8ms)
			RefreshPlugins (0ms)
			BeforeProcessingInitializeOnLoad (2ms)
			ProcessInitializeOnLoadAttributes (160ms)
			ProcessInitializeOnLoadMethodAttributes (54ms)
			AfterProcessingInitializeOnLoad (0ms)
			EditorAssembliesLoaded (0ms)
		ExecutionOrderSort2 (0ms)
		AwakeInstancesAfterBackupRestoration (0ms)
========================================================================
Worker process is ready to serve import requests
Begin MonoManager ReloadAssembly
- Loaded All Assemblies, in  0.734 seconds
Refreshing native plugins compatible for Editor in 2.54 ms, found 3 plugins.
Native extension for WindowsStandalone target not found
Package Manager log level set to [2]
[Package Manager] Server::EnsureServerProcessIsRunning -- launch failed, reason: Unity was launched with the -noUpm command-line argument
[Package Manager] UpmClient::Send -- Unable to send message (not connected to UPM process).
[Package Manager] Cannot connect to Unity Package Manager local server
Mono: successfully reloaded assembly
- Finished resetting the current domain, in  0.736 seconds
Domain Reload Profiling: 1470ms
	BeginReloadAssembly (185ms)
		ExecutionOrderSort (0ms)
		DisableScriptedObjects (6ms)
		BackupInstance (0ms)
		ReleaseScriptingObjects (0ms)
		CreateAndSetChildDomain (24ms)
	RebuildCommonClasses (54ms)
	RebuildNativeTypeToScriptingClass (14ms)
	initialDomainReloadingComplete (51ms)
	LoadAllAssembliesAndSetupDomain (430ms)
		LoadAssemblies (321ms)
		RebuildTransferFunctionScriptingTraits (0ms)
		AnalyzeDomain (221ms)
			TypeCache.Refresh (195ms)
				TypeCache.ScanAssembly (177ms)
			ScanForSourceGeneratedMonoScriptInfo (18ms)
			ResolveRequiredComponents (6ms)
	FinalizeReload (736ms)
		ReleaseScriptCaches (0ms)
		RebuildScriptCaches (0ms)
		SetupLoadedEditorAssemblies (551ms)
			LogAssemblyErrors (0ms)
			InitializePlatformSupportModulesInManaged (5ms)
			SetLoadedEditorAssemblies (5ms)
			RefreshPlugins (0ms)
			BeforeProcessingInitializeOnLoad (70ms)
			ProcessInitializeOnLoadAttributes (438ms)
			ProcessInitializeOnLoadMethodAttributes (28ms)
			AfterProcessingInitializeOnLoad (5ms)
			EditorAssembliesLoaded (0ms)
		ExecutionOrderSort2 (0ms)
		AwakeInstancesAfterBackupRestoration (6ms)
Launched and connected shader compiler UnityShaderCompiler.exe after 0.05 seconds
Refreshing native plugins compatible for Editor in 3.73 ms, found 3 plugins.
Preloading 0 native plugins for Editor in 0.00 ms.
Unloading 3082 Unused Serialized files (Serialized files now loaded: 0)
Unloading 32 unused Assets / (57.1 KB). Loaded Objects now: 3546.
Memory consumption went from 121.6 MB to 121.6 MB.
Total: 4.562300 ms (FindLiveObjects: 0.335700 ms CreateObjectMapping: 0.347400 ms MarkObjects: 3.711900 ms  DeleteObjects: 0.165500 ms)

AssetImportParameters requested are different than current active one (requested -> active):
  custom:container-demuxer-ogg: 62fdf1f143b41e24485cea50d1cbac27 -> 
  custom:video-decoder-ogg-theora: a1e56fd34408186e4bbccfd4996cb3dc -> 
  custom:framework-win-MediaFoundation: 216162199b28c13a410421893ffa2e32 -> 
  custom:CustomObjectIndexerAttribute: 756ad292c208cfabdd7b50bc23989ffe -> 
  custom:container-demuxer-webm: 4f35f7cbe854078d1ac9338744f61a02 -> 
  custom:container-muxer-webm: aa71ff27fc2769a1b78a27578f13a17b -> 
  custom:video-decoder-webm-vp8: 9c59270c3fd7afecdb556c50c9e8de78 -> 
  custom:SearchIndexIgnoredProperties: e643bd26f0fe6173181afceb89e7c659 -> 
  custom:AudioImporter_EditorPlatform: d09bf68614088b80899f8185d706f6e7 -> 
  custom:video-encoder-webm-vp8: eb34c28f22e8b96e1ab97ce403110664 -> 
  custom:audio-decoder-ogg-vorbis: bf7c407c2cedff20999df2af8eb42d56 -> 
  custom:audio-encoder-webm-vorbis: bf7c407c2cedff20999df2af8eb42d56 -> 
========================================================================
Received Import Request.
  Time since last request: 463490.739071 seconds.
  path: Assets/Models/Street_lamp/Materials/T_StreetLampRound1A_metallic.png
  artifactKey: Guid(576ac496dddc963428a7f47c0fbb62b7) Importer(2089858483,0ecaa5967403d082aa24f35e1b516d23)
Start importing Assets/Models/Street_lamp/Materials/T_StreetLampRound1A_metallic.png using Guid(576ac496dddc963428a7f47c0fbb62b7) Importer(2089858483,0ecaa5967403d082aa24f35e1b516d23) Generated GUIDs only implemented for interfaces!
 -> (artifact id: '375e1679b40f5aff516607b0021d0b84') in 0.249311 seconds
Number of updated asset objects reloaded before import = 0
Number of asset objects unloaded after import = 1
========================================================================
Received Import Request.
  Time since last request: 0.000037 seconds.
  path: Assets/Materials/Asphalt_materials/Textures/Asphalt_texture1/Asphalt_texture1.png
  artifactKey: Guid(2a4ec722b16c74273800ef0d6ca78dff) Importer(2089858483,0ecaa5967403d082aa24f35e1b516d23)
Start importing Assets/Materials/Asphalt_materials/Textures/Asphalt_texture1/Asphalt_texture1.png using Guid(2a4ec722b16c74273800ef0d6ca78dff) Importer(2089858483,0ecaa5967403d082aa24f35e1b516d23) Generated GUIDs only implemented for interfaces!
 -> (artifact id: '93033b0010ebc52516898eb22cf969f4') in 0.111352 seconds
Number of updated asset objects reloaded before import = 0
Number of asset objects unloaded after import = 1
========================================================================
Received Import Request.
  Time since last request: 0.000015 seconds.
  path: Assets/Materials/Asphalt_materials/Materials/Asphalt_material_6.mat
  artifactKey: Guid(2801c44cd0a9943f7bb56039d38c7f1d) Importer(2089858483,0ecaa5967403d082aa24f35e1b516d23)
Start importing Assets/Materials/Asphalt_materials/Materials/Asphalt_material_6.mat using Guid(2801c44cd0a9943f7bb56039d38c7f1d) Importer(2089858483,0ecaa5967403d082aa24f35e1b516d23) Generated GUIDs only implemented for interfaces!
 -> (artifact id: '4229fca487ccd000e7fe8d5365266e95') in 0.257398 seconds
Number of updated asset objects reloaded before import = 0
Number of asset objects unloaded after import = 5
========================================================================
Received Import Request.
  Time since last request: 0.000019 seconds.
  path: Assets/Materials/Asphalt_materials/Textures/Asphalt_texture12/NormalMap-12.png
  artifactKey: Guid(4714d0d8775944d388f3fc5428addf81) Importer(2089858483,0ecaa5967403d082aa24f35e1b516d23)
Start importing Assets/Materials/Asphalt_materials/Textures/Asphalt_texture12/NormalMap-12.png using Guid(4714d0d8775944d388f3fc5428addf81) Importer(2089858483,0ecaa5967403d082aa24f35e1b516d23) Generated GUIDs only implemented for interfaces!
 -> (artifact id: 'e6204598845b6e81499a6e0ab0927d17') in 0.053476 seconds
Number of updated asset objects reloaded before import = 0
Number of asset objects unloaded after import = 1
========================================================================
Received Import Request.
  Time since last request: 0.000024 seconds.
  path: Assets/Materials/Asphalt_materials/Materials/Asphalt_material_2.mat
  artifactKey: Guid(52f19e361d2324fdc812648659c3d5b6) Importer(2089858483,0ecaa5967403d082aa24f35e1b516d23)
Start importing Assets/Materials/Asphalt_materials/Materials/Asphalt_material_2.mat using Guid(52f19e361d2324fdc812648659c3d5b6) Importer(2089858483,0ecaa5967403d082aa24f35e1b516d23) Generated GUIDs only implemented for interfaces!
 -> (artifact id: 'aebf4a4a6ea034ec9bc8cd66ba3fde89') in 0.213116 seconds
Number of updated asset objects reloaded before import = 0
Number of asset objects unloaded after import = 5
========================================================================
Received Import Request.
  Time since last request: 0.000016 seconds.
  path: Assets/Materials/Asphalt_materials/Textures/Asphalt_texture2/Asphalt_texture_2.png
  artifactKey: Guid(42db8de0cc8694ec5a6449f0dc9ab101) Importer(2089858483,0ecaa5967403d082aa24f35e1b516d23)
Start importing Assets/Materials/Asphalt_materials/Textures/Asphalt_texture2/Asphalt_texture_2.png using Guid(42db8de0cc8694ec5a6449f0dc9ab101) Importer(2089858483,0ecaa5967403d082aa24f35e1b516d23) Generated GUIDs only implemented for interfaces!
 -> (artifact id: '4c4391cdc062eb1ec20e2ede43d78b08') in 0.023147 seconds
Number of updated asset objects reloaded before import = 0
Number of asset objects unloaded after import = 1
========================================================================
Received Import Request.
  Time since last request: 0.000017 seconds.
  path: Assets/Materials/Asphalt_materials/Textures/Asphalt_texture7/AmbientOcclusionMap-7.png
  artifactKey: Guid(cdea52135d695490089bb0dbf9223b78) Importer(2089858483,0ecaa5967403d082aa24f35e1b516d23)
Start importing Assets/Materials/Asphalt_materials/Textures/Asphalt_texture7/AmbientOcclusionMap-7.png using Guid(cdea52135d695490089bb0dbf9223b78) Importer(2089858483,0ecaa5967403d082aa24f35e1b516d23) Generated GUIDs only implemented for interfaces!
 -> (artifact id: '79e4a63058e5aa968c9af90c0b24a30e') in 0.067739 seconds
Number of updated asset objects reloaded before import = 0
Number of asset objects unloaded after import = 1
========================================================================
Received Import Request.
  Time since last request: 0.000032 seconds.
  path: Assets/Materials/Asphalt_materials/Textures/Asphalt_texture7/DisplacementMap-7.png
  artifactKey: Guid(7c460c4b1e6c4487296a06347783ab07) Importer(2089858483,0ecaa5967403d082aa24f35e1b516d23)
Start importing Assets/Materials/Asphalt_materials/Textures/Asphalt_texture7/DisplacementMap-7.png using Guid(7c460c4b1e6c4487296a06347783ab07) Importer(2089858483,0ecaa5967403d082aa24f35e1b516d23) Generated GUIDs only implemented for interfaces!
 -> (artifact id: '9633fc367a23c9c8687c180be11f9c7c') in 0.051775 seconds
Number of updated asset objects reloaded before import = 0
Number of asset objects unloaded after import = 1
========================================================================
Received Import Request.
  Time since last request: 0.000019 seconds.
  path: Assets/Materials/Asphalt_materials/Textures/Asphalt_texture4/NormalMap-4.png
  artifactKey: Guid(18207043afe1d4b219c88dafbcc8f300) Importer(2089858483,0ecaa5967403d082aa24f35e1b516d23)
Start importing Assets/Materials/Asphalt_materials/Textures/Asphalt_texture4/NormalMap-4.png using Guid(18207043afe1d4b219c88dafbcc8f300) Importer(2089858483,0ecaa5967403d082aa24f35e1b516d23) Generated GUIDs only implemented for interfaces!
 -> (artifact id: 'be1b75d99258b94d8f0c3f8191a5ab1e') in 0.082105 seconds
Number of updated asset objects reloaded before import = 0
Number of asset objects unloaded after import = 1
========================================================================
Received Import Request.
  Time since last request: 0.000019 seconds.
  path: Assets/Materials/Asphalt_materials/Textures/Asphalt_texture4/DisplacementMap-4.png
  artifactKey: Guid(44aa1d602398947b6aa82d02a9c16c0e) Importer(2089858483,0ecaa5967403d082aa24f35e1b516d23)
Start importing Assets/Materials/Asphalt_materials/Textures/Asphalt_texture4/DisplacementMap-4.png using Guid(44aa1d602398947b6aa82d02a9c16c0e) Importer(2089858483,0ecaa5967403d082aa24f35e1b516d23) Generated GUIDs only implemented for interfaces!
 -> (artifact id: 'c951114cfd8b962ce0dae215d2df469c') in 0.079274 seconds
Number of updated asset objects reloaded before import = 0
Number of asset objects unloaded after import = 1
========================================================================
Received Import Request.
  Time since last request: 0.000019 seconds.
  path: Assets/Materials/Asphalt_materials/Textures/Asphalt_texture12/DisplacementMap-12.png
  artifactKey: Guid(557628e60290443fdae4e08ec7f3f5ee) Importer(2089858483,0ecaa5967403d082aa24f35e1b516d23)
Start importing Assets/Materials/Asphalt_materials/Textures/Asphalt_texture12/DisplacementMap-12.png using Guid(557628e60290443fdae4e08ec7f3f5ee) Importer(2089858483,0ecaa5967403d082aa24f35e1b516d23) Generated GUIDs only implemented for interfaces!
 -> (artifact id: '074d218b8d954115538ba0823d514c03') in 0.051582 seconds
Number of updated asset objects reloaded before import = 0
Number of asset objects unloaded after import = 1
========================================================================
Received Import Request.
  Time since last request: 0.000023 seconds.
  path: Assets/Materials/Asphalt_materials/Textures/Asphalt_texture14/DisplacementMap-14.png
  artifactKey: Guid(2773dc2e49f654d04afaf21a5bd52995) Importer(2089858483,0ecaa5967403d082aa24f35e1b516d23)
Start importing Assets/Materials/Asphalt_materials/Textures/Asphalt_texture14/DisplacementMap-14.png using Guid(2773dc2e49f654d04afaf21a5bd52995) Importer(2089858483,0ecaa5967403d082aa24f35e1b516d23) Generated GUIDs only implemented for interfaces!
 -> (artifact id: '1779beba5fa51882e10bba929b7eb65c') in 0.088387 seconds
Number of updated asset objects reloaded before import = 0
Number of asset objects unloaded after import = 1
========================================================================
Received Import Request.
  Time since last request: 0.000018 seconds.
  path: Assets/Materials/Asphalt_materials/Textures/Asphalt_texture11/NormalMap-11.png
  artifactKey: Guid(eb382db3000d347afa35aba4ba4abb63) Importer(2089858483,0ecaa5967403d082aa24f35e1b516d23)
Start importing Assets/Materials/Asphalt_materials/Textures/Asphalt_texture11/NormalMap-11.png using Guid(eb382db3000d347afa35aba4ba4abb63) Importer(2089858483,0ecaa5967403d082aa24f35e1b516d23) Generated GUIDs only implemented for interfaces!
 -> (artifact id: '93b067e9238a16d27ccaa647f971b068') in 0.023443 seconds
Number of updated asset objects reloaded before import = 0
Number of asset objects unloaded after import = 1
========================================================================
Received Import Request.
  Time since last request: 0.000016 seconds.
  path: Assets/Materials/Asphalt_materials/Textures/Asphalt_texture8/AmbientOcclusionMap-8.png
  artifactKey: Guid(02254c68ac1ee40f1bd3c91376ef645b) Importer(2089858483,0ecaa5967403d082aa24f35e1b516d23)
Start importing Assets/Materials/Asphalt_materials/Textures/Asphalt_texture8/AmbientOcclusionMap-8.png using Guid(02254c68ac1ee40f1bd3c91376ef645b) Importer(2089858483,0ecaa5967403d082aa24f35e1b516d23) Generated GUIDs only implemented for interfaces!
 -> (artifact id: 'cd4b674f2bde4777ae009fcf98805df4') in 0.082828 seconds
Number of updated asset objects reloaded before import = 0
Number of asset objects unloaded after import = 1
========================================================================
Received Import Request.
  Time since last request: 0.000021 seconds.
  path: Assets/Materials/Asphalt_materials/Textures/Asphalt_texture12/Asphalt_texture_12.png
  artifactKey: Guid(fc5818b889ab341198089af9c4ae1819) Importer(2089858483,0ecaa5967403d082aa24f35e1b516d23)
Start importing Assets/Materials/Asphalt_materials/Textures/Asphalt_texture12/Asphalt_texture_12.png using Guid(fc5818b889ab341198089af9c4ae1819) Importer(2089858483,0ecaa5967403d082aa24f35e1b516d23) Generated GUIDs only implemented for interfaces!
 -> (artifact id: 'a5d7f8ee84e8593d8b51f09a5876e133') in 0.055885 seconds
Number of updated asset objects reloaded before import = 0
Number of asset objects unloaded after import = 1
========================================================================
Received Import Request.
  Time since last request: 0.000022 seconds.
  path: Assets/Models/Bicycle Models/Bicycle Model #5/Materials/Material Plane.mat
  artifactKey: Guid(0a47cbb1abe441c43a044b4469ba4431) Importer(2089858483,0ecaa5967403d082aa24f35e1b516d23)
Start importing Assets/Models/Bicycle Models/Bicycle Model #5/Materials/Material Plane.mat using Guid(0a47cbb1abe441c43a044b4469ba4431) Importer(2089858483,0ecaa5967403d082aa24f35e1b516d23) Generated GUIDs only implemented for interfaces!
 -> (artifact id: 'd48a8a28795e7dcb24382ec79dc319fd') in 0.038279 seconds
Number of updated asset objects reloaded before import = 0
Number of asset objects unloaded after import = 1
========================================================================
Received Import Request.
  Time since last request: 0.000016 seconds.
  path: Assets/Models/Street_lamp/Materials/M_StreetLampRound1A.mat
  artifactKey: Guid(b497ea26673f21f41aa5f2f0f3d01b17) Importer(2089858483,0ecaa5967403d082aa24f35e1b516d23)
Start importing Assets/Models/Street_lamp/Materials/M_StreetLampRound1A.mat using Guid(b497ea26673f21f41aa5f2f0f3d01b17) Importer(2089858483,0ecaa5967403d082aa24f35e1b516d23) Generated GUIDs only implemented for interfaces!
 -> (artifact id: 'a43f5c7f4dc8fa4477b181577eee8ce9') in 0.043745 seconds
Number of updated asset objects reloaded before import = 0
Number of asset objects unloaded after import = 6
========================================================================
Received Import Request.
  Time since last request: 0.000014 seconds.
  path: Assets/Materials/Asphalt_materials/Textures/Asphalt_texture14/AmbientOcclusionMap-14.png
  artifactKey: Guid(32dbdabeca70247d7809809f820b7d6c) Importer(2089858483,0ecaa5967403d082aa24f35e1b516d23)
Start importing Assets/Materials/Asphalt_materials/Textures/Asphalt_texture14/AmbientOcclusionMap-14.png using Guid(32dbdabeca70247d7809809f820b7d6c) Importer(2089858483,0ecaa5967403d082aa24f35e1b516d23) Generated GUIDs only implemented for interfaces!
 -> (artifact id: 'ca8fd3a240f1aa2bb7fb99870eeed77b') in 0.060280 seconds
Number of updated asset objects reloaded before import = 0
Number of asset objects unloaded after import = 1
========================================================================
Received Import Request.
  Time since last request: 0.000015 seconds.
  path: Assets/Materials/Asphalt_materials/Textures/Asphalt_texture1/AmbientOcclusionMap.png
  artifactKey: Guid(175cf35d3d3bb47f4a6b5363dba90363) Importer(2089858483,0ecaa5967403d082aa24f35e1b516d23)
Start importing Assets/Materials/Asphalt_materials/Textures/Asphalt_texture1/AmbientOcclusionMap.png using Guid(175cf35d3d3bb47f4a6b5363dba90363) Importer(2089858483,0ecaa5967403d082aa24f35e1b516d23) Generated GUIDs only implemented for interfaces!
 -> (artifact id: 'd38bfd26e078cae35412c8bc015bd437') in 0.045845 seconds
Number of updated asset objects reloaded before import = 0
Number of asset objects unloaded after import = 1
========================================================================
Received Import Request.
  Time since last request: 0.000023 seconds.
  path: Assets/Materials/Asphalt_materials/Textures/Asphalt_texture7/Asphalt_texture_7.png
  artifactKey: Guid(1ebbcb5c8157b49ca97ef3a84aea164d) Importer(2089858483,0ecaa5967403d082aa24f35e1b516d23)
Start importing Assets/Materials/Asphalt_materials/Textures/Asphalt_texture7/Asphalt_texture_7.png using Guid(1ebbcb5c8157b49ca97ef3a84aea164d) Importer(2089858483,0ecaa5967403d082aa24f35e1b516d23) Generated GUIDs only implemented for interfaces!
 -> (artifact id: 'e7d02f79c7e88cc900dab0c7a8918f5c') in 0.036429 seconds
Number of updated asset objects reloaded before import = 0
Number of asset objects unloaded after import = 1
========================================================================
Received Import Request.
  Time since last request: 0.000023 seconds.
  path: Assets/Materials/Asphalt_materials/Textures/Asphalt_texture3/DisplacementMap-3.png
  artifactKey: Guid(4a06040fd35c04105af0bc4338ee4eba) Importer(2089858483,0ecaa5967403d082aa24f35e1b516d23)
Start importing Assets/Materials/Asphalt_materials/Textures/Asphalt_texture3/DisplacementMap-3.png using Guid(4a06040fd35c04105af0bc4338ee4eba) Importer(2089858483,0ecaa5967403d082aa24f35e1b516d23) Generated GUIDs only implemented for interfaces!
 -> (artifact id: 'ed75b06f2d4fb13d923e3db8f5c76e1a') in 0.072704 seconds
Number of updated asset objects reloaded before import = 0
Number of asset objects unloaded after import = 1
========================================================================
Received Import Request.
  Time since last request: 0.000015 seconds.
  path: Assets/Models/Apartment_Building/Textures/apartment_building_N.png
  artifactKey: Guid(193e763e64e703e45ad7ea5d8d6d97db) Importer(2089858483,0ecaa5967403d082aa24f35e1b516d23)
Start importing Assets/Models/Apartment_Building/Textures/apartment_building_N.png using Guid(193e763e64e703e45ad7ea5d8d6d97db) Importer(2089858483,0ecaa5967403d082aa24f35e1b516d23) Generated GUIDs only implemented for interfaces!
 -> (artifact id: '1008926669144eaecdbe059cf4a3a6c7') in 0.082239 seconds
Number of updated asset objects reloaded before import = 0
Number of asset objects unloaded after import = 1
========================================================================
Received Import Request.
  Time since last request: 0.000015 seconds.
  path: Assets/Materials/Asphalt_materials/Textures/Asphalt_texture3/NormalMap-3.png
  artifactKey: Guid(1b21481fec043435e997bffb2f8d64ab) Importer(2089858483,0ecaa5967403d082aa24f35e1b516d23)
Start importing Assets/Materials/Asphalt_materials/Textures/Asphalt_texture3/NormalMap-3.png using Guid(1b21481fec043435e997bffb2f8d64ab) Importer(2089858483,0ecaa5967403d082aa24f35e1b516d23) Generated GUIDs only implemented for interfaces!
 -> (artifact id: '44fee0d1550ee2126613245941d1aecd') in 0.026086 seconds
Number of updated asset objects reloaded before import = 0
Number of asset objects unloaded after import = 1
========================================================================
Received Import Request.
  Time since last request: 0.000015 seconds.
  path: Assets/Materials/Asphalt_materials/Textures/Asphalt_texture14/Asphalt_texture_14.png
  artifactKey: Guid(5c3221ba2a5204f61a050f40d01dfa3a) Importer(2089858483,0ecaa5967403d082aa24f35e1b516d23)
Start importing Assets/Materials/Asphalt_materials/Textures/Asphalt_texture14/Asphalt_texture_14.png using Guid(5c3221ba2a5204f61a050f40d01dfa3a) Importer(2089858483,0ecaa5967403d082aa24f35e1b516d23) Generated GUIDs only implemented for interfaces!
 -> (artifact id: 'e36d3a196d2a35c4cc4ae02ac4d0e400') in 0.039671 seconds
Number of updated asset objects reloaded before import = 0
Number of asset objects unloaded after import = 1
========================================================================
Received Import Request.
  Time since last request: 0.000025 seconds.
  path: Assets/Materials/Asphalt_materials/Textures/Asphalt_texture5/AmbientOcclusionMap-5.png
  artifactKey: Guid(64684ddec4f984474a22bc61ab79c23d) Importer(2089858483,0ecaa5967403d082aa24f35e1b516d23)
Start importing Assets/Materials/Asphalt_materials/Textures/Asphalt_texture5/AmbientOcclusionMap-5.png using Guid(64684ddec4f984474a22bc61ab79c23d) Importer(2089858483,0ecaa5967403d082aa24f35e1b516d23) Generated GUIDs only implemented for interfaces!
 -> (artifact id: 'b570fc0a85367731e8abe4fc828964da') in 0.047830 seconds
Number of updated asset objects reloaded before import = 0
Number of asset objects unloaded after import = 1
========================================================================
Received Import Request.
  Time since last request: 0.000028 seconds.
  path: Assets/Materials/Asphalt_materials/Textures/Asphalt_texture13/NormalMap-13.png
  artifactKey: Guid(93e7f1bf75ca44e0586485508fe9fd02) Importer(2089858483,0ecaa5967403d082aa24f35e1b516d23)
Start importing Assets/Materials/Asphalt_materials/Textures/Asphalt_texture13/NormalMap-13.png using Guid(93e7f1bf75ca44e0586485508fe9fd02) Importer(2089858483,0ecaa5967403d082aa24f35e1b516d23) Generated GUIDs only implemented for interfaces!
 -> (artifact id: 'c270bd577cf6eb0da753eb77801b74ec') in 0.033904 seconds
Number of updated asset objects reloaded before import = 0
Number of asset objects unloaded after import = 1
========================================================================
Received Import Request.
  Time since last request: 0.000021 seconds.
  path: Assets/Models/Apartment_Building/FBX_model/Apartment_Building.fbx
  artifactKey: Guid(63fccc8b4934c824b881ae98f0602e1d) Importer(2089858483,0ecaa5967403d082aa24f35e1b516d23)
Start importing Assets/Models/Apartment_Building/FBX_model/Apartment_Building.fbx using Guid(63fccc8b4934c824b881ae98f0602e1d) Importer(2089858483,0ecaa5967403d082aa24f35e1b516d23) Generated GUIDs only implemented for interfaces!
 -> (artifact id: '8a513fa8da75cea6601463d4e52350f2') in 0.127756 seconds
Number of updated asset objects reloaded before import = 0
Number of asset objects unloaded after import = 7
========================================================================
Received Import Request.
  Time since last request: 0.000042 seconds.
  path: Assets/Scenes/M3Scene.unity
  artifactKey: Guid(fd5a9d24d0a38b94b8846d1f2e7b18b4) Importer(2089858483,0ecaa5967403d082aa24f35e1b516d23)
Start importing Assets/Scenes/M3Scene.unity using Guid(fd5a9d24d0a38b94b8846d1f2e7b18b4) Importer(2089858483,0ecaa5967403d082aa24f35e1b516d23) Generated GUIDs only implemented for interfaces!
 -> (artifact id: '89e590e5c65790def2ca3b9fc2fdddab') in 0.013682 seconds
Number of updated asset objects reloaded before import = 0
Number of asset objects unloaded after import = 1
========================================================================
Received Import Request.
  Time since last request: 0.000025 seconds.
  path: Assets/Materials/Asphalt_materials/Textures/Asphalt_texture6/Asphalt_texture_6.png
  artifactKey: Guid(ce2023e95aac74325b575e4f6ad067d2) Importer(2089858483,0ecaa5967403d082aa24f35e1b516d23)
Start importing Assets/Materials/Asphalt_materials/Textures/Asphalt_texture6/Asphalt_texture_6.png using Guid(ce2023e95aac74325b575e4f6ad067d2) Importer(2089858483,0ecaa5967403d082aa24f35e1b516d23) Generated GUIDs only implemented for interfaces!
 -> (artifact id: '9267dbb9478ed42c609e1d290c554f4e') in 0.028686 seconds
Number of updated asset objects reloaded before import = 0
Number of asset objects unloaded after import = 1
========================================================================
Received Import Request.
  Time since last request: 0.000036 seconds.
  path: Assets/Materials/Asphalt_materials/Textures/Asphalt_texture4/Asphalt_texture_4.png
  artifactKey: Guid(5f095c17e74f64a769b78c035085c3af) Importer(2089858483,0ecaa5967403d082aa24f35e1b516d23)
Start importing Assets/Materials/Asphalt_materials/Textures/Asphalt_texture4/Asphalt_texture_4.png using Guid(5f095c17e74f64a769b78c035085c3af) Importer(2089858483,0ecaa5967403d082aa24f35e1b516d23) Generated GUIDs only implemented for interfaces!
 -> (artifact id: '238083e95a46760c8bb14b268982b97f') in 0.075537 seconds
Number of updated asset objects reloaded before import = 0
Number of asset objects unloaded after import = 1
========================================================================
Received Import Request.
  Time since last request: 0.000014 seconds.
  path: Assets/Materials/Asphalt_materials/Materials/Asphalt_material_14.mat
  artifactKey: Guid(2e6c93c3456a248c391f70016879337f) Importer(2089858483,0ecaa5967403d082aa24f35e1b516d23)
Start importing Assets/Materials/Asphalt_materials/Materials/Asphalt_material_14.mat using Guid(2e6c93c3456a248c391f70016879337f) Importer(2089858483,0ecaa5967403d082aa24f35e1b516d23) Generated GUIDs only implemented for interfaces!
 -> (artifact id: '19f43be6b8fa6fe9a1d4a614bb8475b0') in 0.053657 seconds
Number of updated asset objects reloaded before import = 0
Number of asset objects unloaded after import = 5
========================================================================
Received Import Request.
  Time since last request: 0.000019 seconds.
  path: Assets/Materials/Asphalt_materials/Textures/Asphalt_texture13/Asphalt_texture_13.png
  artifactKey: Guid(e2cb4967efb0d4944a7e03f17bc33f04) Importer(2089858483,0ecaa5967403d082aa24f35e1b516d23)
Start importing Assets/Materials/Asphalt_materials/Textures/Asphalt_texture13/Asphalt_texture_13.png using Guid(e2cb4967efb0d4944a7e03f17bc33f04) Importer(2089858483,0ecaa5967403d082aa24f35e1b516d23) Generated GUIDs only implemented for interfaces!
 -> (artifact id: '344869978a6bf38a17b39267a5813f63') in 0.033631 seconds
Number of updated asset objects reloaded before import = 0
Number of asset objects unloaded after import = 1
========================================================================
Received Import Request.
  Time since last request: 0.000018 seconds.
  path: Assets/Materials/Asphalt_materials/Textures/Asphalt_texture6/AmbientOcclusionMap-6.png
  artifactKey: Guid(377fbeee401a5484d877050a765b8d9f) Importer(2089858483,0ecaa5967403d082aa24f35e1b516d23)
Start importing Assets/Materials/Asphalt_materials/Textures/Asphalt_texture6/AmbientOcclusionMap-6.png using Guid(377fbeee401a5484d877050a765b8d9f) Importer(2089858483,0ecaa5967403d082aa24f35e1b516d23) Generated GUIDs only implemented for interfaces!
 -> (artifact id: '9d0b6a4048f5b801a31e5fdf518d94da') in 0.036100 seconds
Number of updated asset objects reloaded before import = 0
Number of asset objects unloaded after import = 1
========================================================================
Received Import Request.
  Time since last request: 0.000016 seconds.
  path: Assets/Materials/Asphalt_materials/Materials/Asphalt_material_4.mat
  artifactKey: Guid(16b0c15223d724c6095b22a3530f3536) Importer(2089858483,0ecaa5967403d082aa24f35e1b516d23)
Start importing Assets/Materials/Asphalt_materials/Materials/Asphalt_material_4.mat using Guid(16b0c15223d724c6095b22a3530f3536) Importer(2089858483,0ecaa5967403d082aa24f35e1b516d23) Generated GUIDs only implemented for interfaces!
 -> (artifact id: '4bc742273652064db3ccd64e3d82198d') in 0.043945 seconds
Number of updated asset objects reloaded before import = 0
Number of asset objects unloaded after import = 5
========================================================================
Received Import Request.
  Time since last request: 0.000021 seconds.
  path: Assets/Materials/Asphalt_materials/Textures/Asphalt_texture9/Asphalt_texture_9.png
  artifactKey: Guid(a4eee16c0717044d1b6ff91efa8db733) Importer(2089858483,0ecaa5967403d082aa24f35e1b516d23)
Start importing Assets/Materials/Asphalt_materials/Textures/Asphalt_texture9/Asphalt_texture_9.png using Guid(a4eee16c0717044d1b6ff91efa8db733) Importer(2089858483,0ecaa5967403d082aa24f35e1b516d23) Generated GUIDs only implemented for interfaces!
 -> (artifact id: '8985cc1005fa85657590304526e71fce') in 0.030941 seconds
Number of updated asset objects reloaded before import = 0
Number of asset objects unloaded after import = 1
========================================================================
Received Import Request.
  Time since last request: 0.000031 seconds.
  path: Assets/Models/Street_lamp/Materials/T_StreetLampRound1A_roughness.png
  artifactKey: Guid(770de1fffe66ce4419c4e894d69ffd0d) Importer(2089858483,0ecaa5967403d082aa24f35e1b516d23)
Start importing Assets/Models/Street_lamp/Materials/T_StreetLampRound1A_roughness.png using Guid(770de1fffe66ce4419c4e894d69ffd0d) Importer(2089858483,0ecaa5967403d082aa24f35e1b516d23) Generated GUIDs only implemented for interfaces!
 -> (artifact id: '5411a4da042da5410b4aecc89afc5665') in 0.028629 seconds
Number of updated asset objects reloaded before import = 0
Number of asset objects unloaded after import = 1
========================================================================
Received Import Request.
  Time since last request: 0.000017 seconds.
  path: Assets/Object8 (1).prefab
  artifactKey: Guid(6def52f72fdce4c45a0cf42fddb8649b) Importer(2089858483,0ecaa5967403d082aa24f35e1b516d23)
Start importing Assets/Object8 (1).prefab using Guid(6def52f72fdce4c45a0cf42fddb8649b) Importer(2089858483,0ecaa5967403d082aa24f35e1b516d23) Generated GUIDs only implemented for interfaces!
 -> (artifact id: '68ca1ecca3d88fda20ad27f925782c98') in 0.057250 seconds
Number of updated asset objects reloaded before import = 0
Number of asset objects unloaded after import = 6
========================================================================
Received Import Request.
  Time since last request: 0.000015 seconds.
  path: Assets/Materials/Asphalt_materials/Materials/Asphalt_material_8.mat
  artifactKey: Guid(82527f3745d8e48509b14807ede99c58) Importer(2089858483,0ecaa5967403d082aa24f35e1b516d23)
Start importing Assets/Materials/Asphalt_materials/Materials/Asphalt_material_8.mat using Guid(82527f3745d8e48509b14807ede99c58) Importer(2089858483,0ecaa5967403d082aa24f35e1b516d23) Generated GUIDs only implemented for interfaces!
 -> (artifact id: 'f10fef5accce159b9b64c1478b0ab376') in 0.053343 seconds
Number of updated asset objects reloaded before import = 0
Number of asset objects unloaded after import = 5
========================================================================
Received Import Request.
  Time since last request: 0.000016 seconds.
  path: Assets/Materials/Asphalt_materials/Textures/Asphalt_texture6/DisplacementMap-6.png
  artifactKey: Guid(8cb8ce0d68bf940f39ec4e8ed9081c32) Importer(2089858483,0ecaa5967403d082aa24f35e1b516d23)
Start importing Assets/Materials/Asphalt_materials/Textures/Asphalt_texture6/DisplacementMap-6.png using Guid(8cb8ce0d68bf940f39ec4e8ed9081c32) Importer(2089858483,0ecaa5967403d082aa24f35e1b516d23) Generated GUIDs only implemented for interfaces!
 -> (artifact id: '7fd65b2cb7e771c94fd7887ffe77bc01') in 0.027794 seconds
Number of updated asset objects reloaded before import = 0
Number of asset objects unloaded after import = 1
========================================================================
Received Import Request.
  Time since last request: 0.000051 seconds.
  path: Assets/Materials/Asphalt_materials/Materials/Asphalt_material_7.mat
  artifactKey: Guid(4b355fb689fe447d1ae10172c428b05c) Importer(2089858483,0ecaa5967403d082aa24f35e1b516d23)
Start importing Assets/Materials/Asphalt_materials/Materials/Asphalt_material_7.mat using Guid(4b355fb689fe447d1ae10172c428b05c) Importer(2089858483,0ecaa5967403d082aa24f35e1b516d23) Generated GUIDs only implemented for interfaces!
 -> (artifact id: 'b04d6bfddab86638c8266d6ec60447b0') in 0.031243 seconds
Number of updated asset objects reloaded before import = 0
Number of asset objects unloaded after import = 5
========================================================================
Received Import Request.
  Time since last request: 0.000028 seconds.
  path: Assets/Materials/Asphalt_materials/Textures/Asphalt_texture13/DisplacementMap-13.png
  artifactKey: Guid(56215081f384248cf96035e97d399f7c) Importer(2089858483,0ecaa5967403d082aa24f35e1b516d23)
Start importing Assets/Materials/Asphalt_materials/Textures/Asphalt_texture13/DisplacementMap-13.png using Guid(56215081f384248cf96035e97d399f7c) Importer(2089858483,0ecaa5967403d082aa24f35e1b516d23) Generated GUIDs only implemented for interfaces!
 -> (artifact id: '678f2b35b0f0c347bdf6f076c34b2a5b') in 0.030259 seconds
Number of updated asset objects reloaded before import = 0
Number of asset objects unloaded after import = 1
========================================================================
Received Import Request.
  Time since last request: 0.000015 seconds.
  path: Assets/Materials/Asphalt_materials/Textures/Asphalt_texture3/Asphalt_texture_3.png
  artifactKey: Guid(b576bdc7617df4d6ba54a339278e07e6) Importer(2089858483,0ecaa5967403d082aa24f35e1b516d23)
Start importing Assets/Materials/Asphalt_materials/Textures/Asphalt_texture3/Asphalt_texture_3.png using Guid(b576bdc7617df4d6ba54a339278e07e6) Importer(2089858483,0ecaa5967403d082aa24f35e1b516d23) Generated GUIDs only implemented for interfaces!
 -> (artifact id: 'e7abe1fed23d3cffb36426edc40ab7ac') in 0.029917 seconds
Number of updated asset objects reloaded before import = 0
Number of asset objects unloaded after import = 1
========================================================================
Received Import Request.
  Time since last request: 0.000016 seconds.
  path: Assets/Materials/Asphalt_materials/Textures/Asphalt_texture10/Asphalt_texture_10.png
  artifactKey: Guid(24249f8c9c0414e71b717acadb1ac270) Importer(2089858483,0ecaa5967403d082aa24f35e1b516d23)
Start importing Assets/Materials/Asphalt_materials/Textures/Asphalt_texture10/Asphalt_texture_10.png using Guid(24249f8c9c0414e71b717acadb1ac270) Importer(2089858483,0ecaa5967403d082aa24f35e1b516d23) Generated GUIDs only implemented for interfaces!
 -> (artifact id: '6452d4a441c6c9004448f20a76a14125') in 0.024353 seconds
Number of updated asset objects reloaded before import = 0
Number of asset objects unloaded after import = 1
========================================================================
Received Import Request.
  Time since last request: 0.000013 seconds.
  path: Assets/Materials/Asphalt_materials/Textures/Asphalt_texture1/DisplacementMap.png
  artifactKey: Guid(c503e61abf8dd4b05b50f5a5b471c8bd) Importer(2089858483,0ecaa5967403d082aa24f35e1b516d23)
Start importing Assets/Materials/Asphalt_materials/Textures/Asphalt_texture1/DisplacementMap.png using Guid(c503e61abf8dd4b05b50f5a5b471c8bd) Importer(2089858483,0ecaa5967403d082aa24f35e1b516d23) Generated GUIDs only implemented for interfaces!
 -> (artifact id: '3a8ed0ccef0791218f5698e751cddfb1') in 0.026132 seconds
Number of updated asset objects reloaded before import = 0
Number of asset objects unloaded after import = 1
========================================================================
Received Import Request.
  Time since last request: 0.000043 seconds.
  path: Assets/Models/Bicycle Models/Bicycle Model #5/Prefab/Low-Poly Bicycle # 5.prefab
  artifactKey: Guid(219edf419bb0d1b4382b7aba4204b8cd) Importer(2089858483,0ecaa5967403d082aa24f35e1b516d23)
Start importing Assets/Models/Bicycle Models/Bicycle Model #5/Prefab/Low-Poly Bicycle # 5.prefab using Guid(219edf419bb0d1b4382b7aba4204b8cd) Importer(2089858483,0ecaa5967403d082aa24f35e1b516d23) Generated GUIDs only implemented for interfaces!
 -> (artifact id: '1930cc86d0de2283cf821d64aed9f3b8') in 0.020045 seconds
Number of updated asset objects reloaded before import = 0
Number of asset objects unloaded after import = 39
========================================================================
Received Import Request.
  Time since last request: 0.000023 seconds.
  path: Assets/Materials/Asphalt_materials/Textures/Asphalt_texture3/AmbientOcclusionMap-3.png
  artifactKey: Guid(3c7cdcb17717e4dd784b17b5990f06d8) Importer(2089858483,0ecaa5967403d082aa24f35e1b516d23)
Start importing Assets/Materials/Asphalt_materials/Textures/Asphalt_texture3/AmbientOcclusionMap-3.png using Guid(3c7cdcb17717e4dd784b17b5990f06d8) Importer(2089858483,0ecaa5967403d082aa24f35e1b516d23) Generated GUIDs only implemented for interfaces!
 -> (artifact id: 'fceb5689ea1b3ab3e2227340141baef5') in 0.032107 seconds
Number of updated asset objects reloaded before import = 0
Number of asset objects unloaded after import = 1
