Using pre-set license
Built from '2022.3/release' branch; Version is '2022.3.12f1 (4fe6e059c7ef) revision 5236448'; Using compiler version '192829333'; Build Type 'Release'
OS: 'Windows 11  (10.0.22000) 64bit Enterprise' Language: 'ru' Physical Memory: 16252 MB
BatchMode: 1, IsHumanControllingUs: 0, StartBugReporterOnCrash: 0, Is64bit: 1, IsPro: 1

COMMAND LINE ARGUMENTS:
D:\Unity\Editor\2022.3.12f1\Editor\Unity.exe
-adb2
-batchMode
-noUpm
-name
AssetImportWorker1
-projectPath
D:/Unity/Projects/Shtykov_PR2
-logFile
Logs/AssetImportWorker1.log
-srvPort
50990
Successfully changed project path to: D:/Unity/Projects/Shtykov_PR2
D:/Unity/Projects/Shtykov_PR2
[UnityMemory] Configuration Parameters - Can be set up in boot.config
    "memorysetup-bucket-allocator-granularity=16"
    "memorysetup-bucket-allocator-bucket-count=8"
    "memorysetup-bucket-allocator-block-size=33554432"
    "memorysetup-bucket-allocator-block-count=8"
    "memorysetup-main-allocator-block-size=16777216"
    "memorysetup-thread-allocator-block-size=16777216"
    "memorysetup-gfx-main-allocator-block-size=16777216"
    "memorysetup-gfx-thread-allocator-block-size=16777216"
    "memorysetup-cache-allocator-block-size=4194304"
    "memorysetup-typetree-allocator-block-size=2097152"
    "memorysetup-profiler-bucket-allocator-granularity=16"
    "memorysetup-profiler-bucket-allocator-bucket-count=8"
    "memorysetup-profiler-bucket-allocator-block-size=33554432"
    "memorysetup-profiler-bucket-allocator-block-count=8"
    "memorysetup-profiler-allocator-block-size=16777216"
    "memorysetup-profiler-editor-allocator-block-size=1048576"
    "memorysetup-temp-allocator-size-main=16777216"
    "memorysetup-job-temp-allocator-block-size=2097152"
    "memorysetup-job-temp-allocator-block-size-background=1048576"
    "memorysetup-job-temp-allocator-reduction-small-platforms=262144"
    "memorysetup-allocator-temp-initial-block-size-main=262144"
    "memorysetup-allocator-temp-initial-block-size-worker=262144"
    "memorysetup-temp-allocator-size-background-worker=32768"
    "memorysetup-temp-allocator-size-job-worker=262144"
    "memorysetup-temp-allocator-size-preload-manager=33554432"
    "memorysetup-temp-allocator-size-nav-mesh-worker=65536"
    "memorysetup-temp-allocator-size-audio-worker=65536"
    "memorysetup-temp-allocator-size-cloud-worker=32768"
    "memorysetup-temp-allocator-size-gi-baking-worker=262144"
    "memorysetup-temp-allocator-size-gfx=262144"
Player connection [21844] Host "[IP] 192.168.1.15 [Port] 0 [Flags] 2 [Guid] 1333138458 [EditorId] 1333138458 [Version] 1048832 [Id] WindowsEditor(7,valid) [Debug] 1 [PackageName] WindowsEditor [ProjectName] Editor" joined multi-casting on [225.0.0.222:54997]...

Player connection [21844] Host "[IP] 192.168.1.15 [Port] 0 [Flags] 2 [Guid] 1333138458 [EditorId] 1333138458 [Version] 1048832 [Id] WindowsEditor(7,valid) [Debug] 1 [PackageName] WindowsEditor [ProjectName] Editor" joined alternative multi-casting on [225.0.0.222:34997]...

[Physics::Module] Initialized MultithreadedJobDispatcher with 7 workers.
Refreshing native plugins compatible for Editor in 6.14 ms, found 3 plugins.
Preloading 0 native plugins for Editor in 0.00 ms.
Initialize engine version: 2022.3.12f1 (4fe6e059c7ef)
[Subsystems] Discovering subsystems at path D:/Unity/Editor/2022.3.12f1/Editor/Data/Resources/UnitySubsystems
[Subsystems] Discovering subsystems at path D:/Unity/Projects/Shtykov_PR2/Assets
GfxDevice: creating device client; threaded=0; jobified=0
Direct3D:
    Version:  Direct3D 11.0 [level 11.1]
    Renderer: NVIDIA GeForce GTX 1650 (ID=0x1f99)
    Vendor:   NVIDIA
    VRAM:     3950 MB
    Driver:   31.0.15.4617
Initialize mono
Mono path[0] = 'D:/Unity/Editor/2022.3.12f1/Editor/Data/Managed'
Mono path[1] = 'D:/Unity/Editor/2022.3.12f1/Editor/Data/MonoBleedingEdge/lib/mono/unityjit-win32'
Mono config path = 'D:/Unity/Editor/2022.3.12f1/Editor/Data/MonoBleedingEdge/etc'
Using monoOptions --debugger-agent=transport=dt_socket,embedding=1,server=y,suspend=n,address=127.0.0.1:56716
Begin MonoManager ReloadAssembly
Registering precompiled unity dll's ...
Register platform support module: D:/Unity/Editor/2022.3.12f1/Editor/Data/PlaybackEngines/WindowsStandaloneSupport/UnityEditor.WindowsStandalone.Extensions.dll
Registered in 0.004322 seconds.
- Loaded All Assemblies, in  0.581 seconds
Native extension for WindowsStandalone target not found
Mono: successfully reloaded assembly
- Finished resetting the current domain, in  0.384 seconds
Domain Reload Profiling: 965ms
	BeginReloadAssembly (157ms)
		ExecutionOrderSort (0ms)
		DisableScriptedObjects (0ms)
		BackupInstance (0ms)
		ReleaseScriptingObjects (0ms)
		CreateAndSetChildDomain (1ms)
	RebuildCommonClasses (50ms)
	RebuildNativeTypeToScriptingClass (20ms)
	initialDomainReloadingComplete (92ms)
	LoadAllAssembliesAndSetupDomain (262ms)
		LoadAssemblies (155ms)
		RebuildTransferFunctionScriptingTraits (0ms)
		AnalyzeDomain (259ms)
			TypeCache.Refresh (257ms)
				TypeCache.ScanAssembly (230ms)
			ScanForSourceGeneratedMonoScriptInfo (1ms)
			ResolveRequiredComponents (1ms)
	FinalizeReload (385ms)
		ReleaseScriptCaches (0ms)
		RebuildScriptCaches (0ms)
		SetupLoadedEditorAssemblies (289ms)
			LogAssemblyErrors (0ms)
			InitializePlatformSupportModulesInManaged (11ms)
			SetLoadedEditorAssemblies (11ms)
			RefreshPlugins (0ms)
			BeforeProcessingInitializeOnLoad (4ms)
			ProcessInitializeOnLoadAttributes (193ms)
			ProcessInitializeOnLoadMethodAttributes (70ms)
			AfterProcessingInitializeOnLoad (0ms)
			EditorAssembliesLoaded (0ms)
		ExecutionOrderSort2 (0ms)
		AwakeInstancesAfterBackupRestoration (0ms)
========================================================================
Worker process is ready to serve import requests
Begin MonoManager ReloadAssembly
- Loaded All Assemblies, in  0.576 seconds
Refreshing native plugins compatible for Editor in 1.83 ms, found 3 plugins.
Native extension for WindowsStandalone target not found
Package Manager log level set to [2]
[Package Manager] Server::EnsureServerProcessIsRunning -- launch failed, reason: Unity was launched with the -noUpm command-line argument
[Package Manager] UpmClient::Send -- Unable to send message (not connected to UPM process).
[Package Manager] Cannot connect to Unity Package Manager local server
Mono: successfully reloaded assembly
- Finished resetting the current domain, in  0.541 seconds
Domain Reload Profiling: 1117ms
	BeginReloadAssembly (141ms)
		ExecutionOrderSort (0ms)
		DisableScriptedObjects (5ms)
		BackupInstance (0ms)
		ReleaseScriptingObjects (0ms)
		CreateAndSetChildDomain (21ms)
	RebuildCommonClasses (32ms)
	RebuildNativeTypeToScriptingClass (11ms)
	initialDomainReloadingComplete (36ms)
	LoadAllAssembliesAndSetupDomain (356ms)
		LoadAssemblies (257ms)
		RebuildTransferFunctionScriptingTraits (0ms)
		AnalyzeDomain (179ms)
			TypeCache.Refresh (160ms)
				TypeCache.ScanAssembly (145ms)
			ScanForSourceGeneratedMonoScriptInfo (14ms)
			ResolveRequiredComponents (4ms)
	FinalizeReload (541ms)
		ReleaseScriptCaches (0ms)
		RebuildScriptCaches (0ms)
		SetupLoadedEditorAssemblies (384ms)
			LogAssemblyErrors (0ms)
			InitializePlatformSupportModulesInManaged (5ms)
			SetLoadedEditorAssemblies (5ms)
			RefreshPlugins (0ms)
			BeforeProcessingInitializeOnLoad (61ms)
			ProcessInitializeOnLoadAttributes (289ms)
			ProcessInitializeOnLoadMethodAttributes (22ms)
			AfterProcessingInitializeOnLoad (2ms)
			EditorAssembliesLoaded (0ms)
		ExecutionOrderSort2 (0ms)
		AwakeInstancesAfterBackupRestoration (8ms)
Launched and connected shader compiler UnityShaderCompiler.exe after 0.07 seconds
Refreshing native plugins compatible for Editor in 2.49 ms, found 3 plugins.
Preloading 0 native plugins for Editor in 0.00 ms.
Unloading 3082 Unused Serialized files (Serialized files now loaded: 0)
Unloading 32 unused Assets / (56.9 KB). Loaded Objects now: 3543.
Memory consumption went from 120.3 MB to 120.3 MB.
Total: 4.864500 ms (FindLiveObjects: 0.444900 ms CreateObjectMapping: 0.355800 ms MarkObjects: 3.919700 ms  DeleteObjects: 0.142400 ms)

AssetImportParameters requested are different than current active one (requested -> active):
  custom:container-demuxer-ogg: 62fdf1f143b41e24485cea50d1cbac27 -> 
  custom:video-decoder-ogg-theora: a1e56fd34408186e4bbccfd4996cb3dc -> 
  custom:framework-win-MediaFoundation: 216162199b28c13a410421893ffa2e32 -> 
  custom:CustomObjectIndexerAttribute: 756ad292c208cfabdd7b50bc23989ffe -> 
  custom:container-demuxer-webm: 4f35f7cbe854078d1ac9338744f61a02 -> 
  custom:container-muxer-webm: aa71ff27fc2769a1b78a27578f13a17b -> 
  custom:video-decoder-webm-vp8: 9c59270c3fd7afecdb556c50c9e8de78 -> 
  custom:SearchIndexIgnoredProperties: e643bd26f0fe6173181afceb89e7c659 -> 
  custom:AudioImporter_EditorPlatform: d09bf68614088b80899f8185d706f6e7 -> 
  custom:video-encoder-webm-vp8: eb34c28f22e8b96e1ab97ce403110664 -> 
  custom:audio-decoder-ogg-vorbis: bf7c407c2cedff20999df2af8eb42d56 -> 
  custom:audio-encoder-webm-vorbis: bf7c407c2cedff20999df2af8eb42d56 -> 
========================================================================
Received Import Request.
  Time since last request: 103852.246546 seconds.
  path: Assets/Scenes
  artifactKey: Guid(30ff6fd55efdd5d41b0fd8cd99630e33) Importer(815301076,1909f56bfc062723c751e8b465ee728b)
Start importing Assets/Scenes using Guid(30ff6fd55efdd5d41b0fd8cd99630e33) Importer(815301076,1909f56bfc062723c751e8b465ee728b)  -> (artifact id: '587f1ec1e51061f31514c16c33d57a27') in 0.004883 seconds
Number of updated asset objects reloaded before import = 0
Number of asset objects unloaded after import = 0
========================================================================
Received Import Request.
  Time since last request: 540.771864 seconds.
  path: Assets/Apartment_Building/Textures/apartment_building_N.png
  artifactKey: Guid(193e763e64e703e45ad7ea5d8d6d97db) Importer(815301076,1909f56bfc062723c751e8b465ee728b)
Start importing Assets/Apartment_Building/Textures/apartment_building_N.png using Guid(193e763e64e703e45ad7ea5d8d6d97db) Importer(815301076,1909f56bfc062723c751e8b465ee728b)  -> (artifact id: '3e260755347424ce7e2e4435f0aee363') in 0.090954 seconds
Number of updated asset objects reloaded before import = 0
Number of asset objects unloaded after import = 2
========================================================================
Received Import Request.
  Time since last request: 153.619312 seconds.
  path: Assets/Asphalt_materials/Materials/Asphalt_material_2.mat
  artifactKey: Guid(52f19e361d2324fdc812648659c3d5b6) Importer(815301076,1909f56bfc062723c751e8b465ee728b)
Start importing Assets/Asphalt_materials/Materials/Asphalt_material_2.mat using Guid(52f19e361d2324fdc812648659c3d5b6) Importer(815301076,1909f56bfc062723c751e8b465ee728b)  -> (artifact id: '41bfdbd02a225fa160dd8e7baa7f0636') in 0.387940 seconds
Number of updated asset objects reloaded before import = 0
Number of asset objects unloaded after import = 1
========================================================================
Received Import Request.
  Time since last request: 145.901528 seconds.
  path: Assets/Asphalt_materials/Textures/Asphalt_texture1/Asphalt_texture1.png
  artifactKey: Guid(2a4ec722b16c74273800ef0d6ca78dff) Importer(815301076,1909f56bfc062723c751e8b465ee728b)
Start importing Assets/Asphalt_materials/Textures/Asphalt_texture1/Asphalt_texture1.png using Guid(2a4ec722b16c74273800ef0d6ca78dff) Importer(815301076,1909f56bfc062723c751e8b465ee728b)  -> (artifact id: '8f2b83834f3b6ce039a6a913bb1d81c6') in 0.018057 seconds
Number of updated asset objects reloaded before import = 0
Number of asset objects unloaded after import = 2
========================================================================
Received Import Request.
  Time since last request: 0.000027 seconds.
  path: Assets/Asphalt_materials/Textures/Asphalt_texture1/NormalMap.png
  artifactKey: Guid(5352df4ea95f8424a854c7d465445c4d) Importer(815301076,1909f56bfc062723c751e8b465ee728b)
Start importing Assets/Asphalt_materials/Textures/Asphalt_texture1/NormalMap.png using Guid(5352df4ea95f8424a854c7d465445c4d) Importer(815301076,1909f56bfc062723c751e8b465ee728b)  -> (artifact id: '29bf2d94e4d3208bd2012428fdfd94b6') in 0.032705 seconds
Number of updated asset objects reloaded before import = 0
Number of asset objects unloaded after import = 2
========================================================================
Received Import Request.
  Time since last request: 232.777694 seconds.
  path: Assets/Asphalt_materials/Textures/Asphalt_texture2/Asphalt_texture_2.png
  artifactKey: Guid(42db8de0cc8694ec5a6449f0dc9ab101) Importer(815301076,1909f56bfc062723c751e8b465ee728b)
Start importing Assets/Asphalt_materials/Textures/Asphalt_texture2/Asphalt_texture_2.png using Guid(42db8de0cc8694ec5a6449f0dc9ab101) Importer(815301076,1909f56bfc062723c751e8b465ee728b)  -> (artifact id: 'de838162f1c7ae5ebbf16d2b4d5b0d89') in 0.030008 seconds
Number of updated asset objects reloaded before import = 0
Number of asset objects unloaded after import = 2
========================================================================
Received Import Request.
  Time since last request: 0.000020 seconds.
  path: Assets/Asphalt_materials/Textures/Asphalt_texture2/NormalMap-2.png
  artifactKey: Guid(e6b643cde20d841e29b106f89d595d65) Importer(815301076,1909f56bfc062723c751e8b465ee728b)
Start importing Assets/Asphalt_materials/Textures/Asphalt_texture2/NormalMap-2.png using Guid(e6b643cde20d841e29b106f89d595d65) Importer(815301076,1909f56bfc062723c751e8b465ee728b)  -> (artifact id: '351b60dee33757864371295f66b082c4') in 0.048324 seconds
Number of updated asset objects reloaded before import = 0
Number of asset objects unloaded after import = 2
========================================================================
Received Import Request.
  Time since last request: 0.569364 seconds.
  path: Assets/Asphalt_materials/Textures/Asphalt_texture3/Asphalt_texture_3.png
  artifactKey: Guid(b576bdc7617df4d6ba54a339278e07e6) Importer(815301076,1909f56bfc062723c751e8b465ee728b)
Start importing Assets/Asphalt_materials/Textures/Asphalt_texture3/Asphalt_texture_3.png using Guid(b576bdc7617df4d6ba54a339278e07e6) Importer(815301076,1909f56bfc062723c751e8b465ee728b)  -> (artifact id: '3f5907126cbcde213e5220ec652f7fff') in 0.019361 seconds
Number of updated asset objects reloaded before import = 0
Number of asset objects unloaded after import = 2
========================================================================
Received Import Request.
  Time since last request: 0.000053 seconds.
  path: Assets/Asphalt_materials/Textures/Asphalt_texture3/NormalMap-3.png
  artifactKey: Guid(1b21481fec043435e997bffb2f8d64ab) Importer(815301076,1909f56bfc062723c751e8b465ee728b)
Start importing Assets/Asphalt_materials/Textures/Asphalt_texture3/NormalMap-3.png using Guid(1b21481fec043435e997bffb2f8d64ab) Importer(815301076,1909f56bfc062723c751e8b465ee728b)  -> (artifact id: '9655965665385b78010922e52af94ee7') in 0.020771 seconds
Number of updated asset objects reloaded before import = 0
Number of asset objects unloaded after import = 2
========================================================================
Received Import Request.
  Time since last request: 0.823179 seconds.
  path: Assets/Asphalt_materials/Textures/Asphalt_texture4/Asphalt_texture_4.png
  artifactKey: Guid(5f095c17e74f64a769b78c035085c3af) Importer(815301076,1909f56bfc062723c751e8b465ee728b)
Start importing Assets/Asphalt_materials/Textures/Asphalt_texture4/Asphalt_texture_4.png using Guid(5f095c17e74f64a769b78c035085c3af) Importer(815301076,1909f56bfc062723c751e8b465ee728b)  -> (artifact id: '97587fcf5f9cd283df3fde007695a492') in 0.019475 seconds
Number of updated asset objects reloaded before import = 0
Number of asset objects unloaded after import = 2
========================================================================
Received Import Request.
  Time since last request: 0.000087 seconds.
  path: Assets/Asphalt_materials/Textures/Asphalt_texture4/DisplacementMap-4.png
  artifactKey: Guid(44aa1d602398947b6aa82d02a9c16c0e) Importer(815301076,1909f56bfc062723c751e8b465ee728b)
Start importing Assets/Asphalt_materials/Textures/Asphalt_texture4/DisplacementMap-4.png using Guid(44aa1d602398947b6aa82d02a9c16c0e) Importer(815301076,1909f56bfc062723c751e8b465ee728b)  -> (artifact id: '34ee3ca74aa4bb425d7a9772a499adc1') in 0.017515 seconds
Number of updated asset objects reloaded before import = 0
Number of asset objects unloaded after import = 2
========================================================================
Received Import Request.
  Time since last request: 0.527546 seconds.
  path: Assets/Asphalt_materials/Textures/Asphalt_texture5/Asphalt_texture_5.png
  artifactKey: Guid(cc2a15ec023a94769a897bf34ddb0f4a) Importer(815301076,1909f56bfc062723c751e8b465ee728b)
Start importing Assets/Asphalt_materials/Textures/Asphalt_texture5/Asphalt_texture_5.png using Guid(cc2a15ec023a94769a897bf34ddb0f4a) Importer(815301076,1909f56bfc062723c751e8b465ee728b)  -> (artifact id: 'c684466fe463c6ff2f4b3b924dd53525') in 0.019030 seconds
Number of updated asset objects reloaded before import = 0
Number of asset objects unloaded after import = 2
========================================================================
Received Import Request.
  Time since last request: 0.000341 seconds.
  path: Assets/Asphalt_materials/Textures/Asphalt_texture5/NormalMap-5.png
  artifactKey: Guid(f5a10f6ba6bcf49fe81e0c55665003e2) Importer(815301076,1909f56bfc062723c751e8b465ee728b)
Start importing Assets/Asphalt_materials/Textures/Asphalt_texture5/NormalMap-5.png using Guid(f5a10f6ba6bcf49fe81e0c55665003e2) Importer(815301076,1909f56bfc062723c751e8b465ee728b)  -> (artifact id: 'bfb5c9300c18bf08ffbdc0531254f6b0') in 0.020912 seconds
Number of updated asset objects reloaded before import = 0
Number of asset objects unloaded after import = 2
========================================================================
Received Import Request.
  Time since last request: 0.285642 seconds.
  path: Assets/Asphalt_materials/Textures/Asphalt_texture6/Asphalt_texture_6.png
  artifactKey: Guid(ce2023e95aac74325b575e4f6ad067d2) Importer(815301076,1909f56bfc062723c751e8b465ee728b)
Start importing Assets/Asphalt_materials/Textures/Asphalt_texture6/Asphalt_texture_6.png using Guid(ce2023e95aac74325b575e4f6ad067d2) Importer(815301076,1909f56bfc062723c751e8b465ee728b)  -> (artifact id: 'cf7ee1dc4aba2c7a4df0acc2d3d59424') in 0.021068 seconds
Number of updated asset objects reloaded before import = 0
Number of asset objects unloaded after import = 2
========================================================================
Received Import Request.
  Time since last request: 0.000032 seconds.
  path: Assets/Asphalt_materials/Textures/Asphalt_texture6/DisplacementMap-6.png
  artifactKey: Guid(8cb8ce0d68bf940f39ec4e8ed9081c32) Importer(815301076,1909f56bfc062723c751e8b465ee728b)
Start importing Assets/Asphalt_materials/Textures/Asphalt_texture6/DisplacementMap-6.png using Guid(8cb8ce0d68bf940f39ec4e8ed9081c32) Importer(815301076,1909f56bfc062723c751e8b465ee728b)  -> (artifact id: '269d76eba7094e8ec68adee3ac9e1f13') in 0.021376 seconds
Number of updated asset objects reloaded before import = 0
Number of asset objects unloaded after import = 2
========================================================================
Received Import Request.
  Time since last request: 0.306294 seconds.
  path: Assets/Asphalt_materials/Textures/Asphalt_texture7/Asphalt_texture_7.png
  artifactKey: Guid(1ebbcb5c8157b49ca97ef3a84aea164d) Importer(815301076,1909f56bfc062723c751e8b465ee728b)
Start importing Assets/Asphalt_materials/Textures/Asphalt_texture7/Asphalt_texture_7.png using Guid(1ebbcb5c8157b49ca97ef3a84aea164d) Importer(815301076,1909f56bfc062723c751e8b465ee728b)  -> (artifact id: '2b75eb17987459e968cc3c093ce080a7') in 0.019826 seconds
Number of updated asset objects reloaded before import = 0
Number of asset objects unloaded after import = 2
========================================================================
Received Import Request.
  Time since last request: 0.000016 seconds.
  path: Assets/Asphalt_materials/Textures/Asphalt_texture7/DisplacementMap-7.png
  artifactKey: Guid(7c460c4b1e6c4487296a06347783ab07) Importer(815301076,1909f56bfc062723c751e8b465ee728b)
Start importing Assets/Asphalt_materials/Textures/Asphalt_texture7/DisplacementMap-7.png using Guid(7c460c4b1e6c4487296a06347783ab07) Importer(815301076,1909f56bfc062723c751e8b465ee728b)  -> (artifact id: '2e0b7f507149bffd489f93b48ff7d61e') in 0.017821 seconds
Number of updated asset objects reloaded before import = 0
Number of asset objects unloaded after import = 2
========================================================================
Received Import Request.
  Time since last request: 4.618065 seconds.
  path: Assets/Asphalt_materials/Textures/Asphalt_texture8/Asphalt_texture_8.png
  artifactKey: Guid(7aa5b4ddd4c8a484da725e8633495cef) Importer(815301076,1909f56bfc062723c751e8b465ee728b)
Start importing Assets/Asphalt_materials/Textures/Asphalt_texture8/Asphalt_texture_8.png using Guid(7aa5b4ddd4c8a484da725e8633495cef) Importer(815301076,1909f56bfc062723c751e8b465ee728b)  -> (artifact id: '044df8b8ab8111d6d380cd6e9355baa5') in 0.021890 seconds
Number of updated asset objects reloaded before import = 0
Number of asset objects unloaded after import = 2
========================================================================
Received Import Request.
  Time since last request: 0.000026 seconds.
  path: Assets/Asphalt_materials/Textures/Asphalt_texture8/DisplacementMap-8.png
  artifactKey: Guid(8519cbdbd56ab419288ce6639aeef382) Importer(815301076,1909f56bfc062723c751e8b465ee728b)
Start importing Assets/Asphalt_materials/Textures/Asphalt_texture8/DisplacementMap-8.png using Guid(8519cbdbd56ab419288ce6639aeef382) Importer(815301076,1909f56bfc062723c751e8b465ee728b)  -> (artifact id: 'cf39a279a1725deefe0bf6f2021287e9') in 0.021922 seconds
Number of updated asset objects reloaded before import = 0
Number of asset objects unloaded after import = 2
========================================================================
Received Import Request.
  Time since last request: 0.481276 seconds.
  path: Assets/Asphalt_materials/Textures/Asphalt_texture9/Asphalt_texture_9.png
  artifactKey: Guid(a4eee16c0717044d1b6ff91efa8db733) Importer(815301076,1909f56bfc062723c751e8b465ee728b)
Start importing Assets/Asphalt_materials/Textures/Asphalt_texture9/Asphalt_texture_9.png using Guid(a4eee16c0717044d1b6ff91efa8db733) Importer(815301076,1909f56bfc062723c751e8b465ee728b)  -> (artifact id: '7718f21a50ede6af39fb244033403c19') in 0.024060 seconds
Number of updated asset objects reloaded before import = 0
Number of asset objects unloaded after import = 2
========================================================================
Received Import Request.
  Time since last request: 0.000030 seconds.
  path: Assets/Asphalt_materials/Textures/Asphalt_texture9/DisplacementMap-9.png
  artifactKey: Guid(7e3a61b796d0a4835869ef40f8adb535) Importer(815301076,1909f56bfc062723c751e8b465ee728b)
Start importing Assets/Asphalt_materials/Textures/Asphalt_texture9/DisplacementMap-9.png using Guid(7e3a61b796d0a4835869ef40f8adb535) Importer(815301076,1909f56bfc062723c751e8b465ee728b)  -> (artifact id: '0d94d5de5d146f9c2d150322b5da3434') in 0.020139 seconds
Number of updated asset objects reloaded before import = 0
Number of asset objects unloaded after import = 2
========================================================================
Received Import Request.
  Time since last request: 0.512059 seconds.
  path: Assets/Asphalt_materials/Textures/Asphalt_texture10/Asphalt_texture_10.png
  artifactKey: Guid(24249f8c9c0414e71b717acadb1ac270) Importer(815301076,1909f56bfc062723c751e8b465ee728b)
Start importing Assets/Asphalt_materials/Textures/Asphalt_texture10/Asphalt_texture_10.png using Guid(24249f8c9c0414e71b717acadb1ac270) Importer(815301076,1909f56bfc062723c751e8b465ee728b)  -> (artifact id: '0bc9ec018843c561318bb8a08b746461') in 0.019208 seconds
Number of updated asset objects reloaded before import = 0
Number of asset objects unloaded after import = 2
========================================================================
Received Import Request.
  Time since last request: 0.000023 seconds.
  path: Assets/Asphalt_materials/Textures/Asphalt_texture10/NormalMap-10.png
  artifactKey: Guid(019ba87d5cf7b4fb8a8a9aa37ad391bf) Importer(815301076,1909f56bfc062723c751e8b465ee728b)
Start importing Assets/Asphalt_materials/Textures/Asphalt_texture10/NormalMap-10.png using Guid(019ba87d5cf7b4fb8a8a9aa37ad391bf) Importer(815301076,1909f56bfc062723c751e8b465ee728b)  -> (artifact id: '252838cc1ec2d031c7f0d5944d0b974d') in 0.020708 seconds
Number of updated asset objects reloaded before import = 0
Number of asset objects unloaded after import = 2
========================================================================
Received Import Request.
  Time since last request: 769.126781 seconds.
  path: Assets/StreetLightsPack/Models/StreetLights1/Materials/mat2.mat
  artifactKey: Guid(0ed58da6df81cc94896a5e65ecc91f30) Importer(815301076,1909f56bfc062723c751e8b465ee728b)
Start importing Assets/StreetLightsPack/Models/StreetLights1/Materials/mat2.mat using Guid(0ed58da6df81cc94896a5e65ecc91f30) Importer(815301076,1909f56bfc062723c751e8b465ee728b)  -> (artifact id: 'ad42721091fa29fe4a1a4f5dfa790192') in 0.209812 seconds
Number of updated asset objects reloaded before import = 0
Number of asset objects unloaded after import = 2
========================================================================
Received Import Request.
  Time since last request: 0.000026 seconds.
  path: Assets/StreetLightsPack/Models/StreetLights1/Materials/mat5.mat
  artifactKey: Guid(fabfc25a6d50e4740a656760f34dc4f3) Importer(815301076,1909f56bfc062723c751e8b465ee728b)
Start importing Assets/StreetLightsPack/Models/StreetLights1/Materials/mat5.mat using Guid(fabfc25a6d50e4740a656760f34dc4f3) Importer(815301076,1909f56bfc062723c751e8b465ee728b)  -> (artifact id: 'b175b270ed890ca037ae69226ab7bc2c') in 0.019463 seconds
Number of updated asset objects reloaded before import = 0
Number of asset objects unloaded after import = 2
========================================================================
Received Import Request.
  Time since last request: 0.000034 seconds.
  path: Assets/StreetLightsPack/Models/StreetLights1/Materials/mat16.mat
  artifactKey: Guid(9b5d8d92fbdb7ff4596d2e40dc4a3585) Importer(815301076,1909f56bfc062723c751e8b465ee728b)
Start importing Assets/StreetLightsPack/Models/StreetLights1/Materials/mat16.mat using Guid(9b5d8d92fbdb7ff4596d2e40dc4a3585) Importer(815301076,1909f56bfc062723c751e8b465ee728b)  -> (artifact id: 'ce2d17f113fdd867b788281caac0e6d4') in 0.017414 seconds
Number of updated asset objects reloaded before import = 0
Number of asset objects unloaded after import = 2
========================================================================
Received Import Request.
  Time since last request: 0.000023 seconds.
  path: Assets/StreetLightsPack/Models/StreetLights1/Materials/mat20.mat
  artifactKey: Guid(155b12020f502c3498ea6e05df210f08) Importer(815301076,1909f56bfc062723c751e8b465ee728b)
Start importing Assets/StreetLightsPack/Models/StreetLights1/Materials/mat20.mat using Guid(155b12020f502c3498ea6e05df210f08) Importer(815301076,1909f56bfc062723c751e8b465ee728b)  -> (artifact id: '25d7cf97b38cf26e233dc68c9d2181e5') in 0.043618 seconds
Number of updated asset objects reloaded before import = 0
Number of asset objects unloaded after import = 2
========================================================================
Received Import Request.
  Time since last request: 0.000031 seconds.
  path: Assets/StreetLightsPack/Models/StreetLights1/Materials/mat19.mat
  artifactKey: Guid(e2402792e0704924f99de4880cb86a08) Importer(815301076,1909f56bfc062723c751e8b465ee728b)
Start importing Assets/StreetLightsPack/Models/StreetLights1/Materials/mat19.mat using Guid(e2402792e0704924f99de4880cb86a08) Importer(815301076,1909f56bfc062723c751e8b465ee728b)  -> (artifact id: 'ffe42cc629ade116549b9e009a49aab1') in 0.019087 seconds
Number of updated asset objects reloaded before import = 0
Number of asset objects unloaded after import = 2
========================================================================
Received Import Request.
  Time since last request: 288.772147 seconds.
  path: Assets/Street lamp/Materials/T_StreetLampRound1A_basecolor.png
  artifactKey: Guid(d4e2e560e008ecd40b2abd7b884d2812) Importer(815301076,1909f56bfc062723c751e8b465ee728b)
Start importing Assets/Street lamp/Materials/T_StreetLampRound1A_basecolor.png using Guid(d4e2e560e008ecd40b2abd7b884d2812) Importer(815301076,1909f56bfc062723c751e8b465ee728b)  -> (artifact id: '7cb7407362c15da1cfe009441b141631') in 0.031844 seconds
Number of updated asset objects reloaded before import = 0
Number of asset objects unloaded after import = 2
========================================================================
Received Import Request.
  Time since last request: 0.000024 seconds.
  path: Assets/Street lamp/Materials/T_StreetLampRound1A_emission.png
  artifactKey: Guid(91f4481a8f8ecef468521579030d56fd) Importer(815301076,1909f56bfc062723c751e8b465ee728b)
Start importing Assets/Street lamp/Materials/T_StreetLampRound1A_emission.png using Guid(91f4481a8f8ecef468521579030d56fd) Importer(815301076,1909f56bfc062723c751e8b465ee728b)  -> (artifact id: '9dfb4107dfd4b8bdd23857a168011534') in 0.029441 seconds
Number of updated asset objects reloaded before import = 0
Number of asset objects unloaded after import = 2
========================================================================
Received Import Request.
  Time since last request: 0.000020 seconds.
  path: Assets/Street lamp/Materials/T_StreetLampRound1A_metallic.png
  artifactKey: Guid(576ac496dddc963428a7f47c0fbb62b7) Importer(815301076,1909f56bfc062723c751e8b465ee728b)
Start importing Assets/Street lamp/Materials/T_StreetLampRound1A_metallic.png using Guid(576ac496dddc963428a7f47c0fbb62b7) Importer(815301076,1909f56bfc062723c751e8b465ee728b)  -> (artifact id: '28fe1f50994b3a4d9f136651f081ba89') in 0.021932 seconds
Number of updated asset objects reloaded before import = 0
Number of asset objects unloaded after import = 2
========================================================================
Received Import Request.
  Time since last request: 0.000022 seconds.
  path: Assets/Street lamp/Materials/T_StreetLampRound1A_roughness.png
  artifactKey: Guid(770de1fffe66ce4419c4e894d69ffd0d) Importer(815301076,1909f56bfc062723c751e8b465ee728b)
Start importing Assets/Street lamp/Materials/T_StreetLampRound1A_roughness.png using Guid(770de1fffe66ce4419c4e894d69ffd0d) Importer(815301076,1909f56bfc062723c751e8b465ee728b)  -> (artifact id: '1908f2e5ba898f3a9bbe17129bae4fa2') in 0.017944 seconds
Number of updated asset objects reloaded before import = 0
Number of asset objects unloaded after import = 2
